{"C:\\Users\\user\\Desktop\\server2\\server\\src\\app.js":{"path":"C:\\Users\\user\\Desktop\\server2\\server\\src\\app.js","statementMap":{"0":{"start":{"line":3,"column":14},"end":{"line":3,"column":55}},"1":{"start":{"line":5,"column":15},"end":{"line":5,"column":57}},"2":{"start":{"line":7,"column":16},"end":{"line":7,"column":59}},"3":{"start":{"line":9,"column":24},"end":{"line":9,"column":77}},"4":{"start":{"line":11,"column":21},"end":{"line":11,"column":72}},"5":{"start":{"line":13,"column":20},"end":{"line":13,"column":68}},"6":{"start":{"line":15,"column":12},"end":{"line":15,"column":51}},"7":{"start":{"line":17,"column":39},"end":{"line":17,"column":95}},"8":{"start":{"line":26,"column":18},"end":{"line":31,"column":1}},"9":{"start":{"line":33,"column":0},"end":{"line":33,"column":28}},"10":{"start":{"line":35,"column":10},"end":{"line":35,"column":36}},"11":{"start":{"line":54,"column":20},"end":{"line":54,"column":47}},"12":{"start":{"line":56,"column":18},"end":{"line":56,"column":48}},"13":{"start":{"line":58,"column":17},"end":{"line":58,"column":46}},"14":{"start":{"line":61,"column":0},"end":{"line":68,"column":3}},"15":{"start":{"line":65,"column":2},"end":{"line":65,"column":42}},"16":{"start":{"line":67,"column":2},"end":{"line":67,"column":48}},"17":{"start":{"line":71,"column":0},"end":{"line":71,"column":36}},"18":{"start":{"line":72,"column":0},"end":{"line":76,"column":3}},"19":{"start":{"line":73,"column":2},"end":{"line":75,"column":5}},"20":{"start":{"line":77,"column":0},"end":{"line":77,"column":67}},"21":{"start":{"line":78,"column":0},"end":{"line":78,"column":65}},"22":{"start":{"line":79,"column":0},"end":{"line":79,"column":64}},"23":{"start":{"line":80,"column":0},"end":{"line":80,"column":156}},"24":{"start":{"line":81,"column":0},"end":{"line":81,"column":44}},"25":{"start":{"line":85,"column":11},"end":{"line":85,"column":35}},"26":{"start":{"line":86,"column":0},"end":{"line":88,"column":3}},"27":{"start":{"line":87,"column":2},"end":{"line":87,"column":54}},"28":{"start":{"line":89,"column":0},"end":{"line":89,"column":21}}},"fnMap":{"0":{"name":"_interopRequireDefault","decl":{"start":{"line":17,"column":9},"end":{"line":17,"column":31}},"loc":{"start":{"line":17,"column":37},"end":{"line":17,"column":97}},"line":17},"1":{"name":"(anonymous_1)","decl":{"start":{"line":64,"column":8},"end":{"line":64,"column":9}},"loc":{"start":{"line":64,"column":20},"end":{"line":66,"column":1}},"line":64},"2":{"name":"(anonymous_2)","decl":{"start":{"line":66,"column":12},"end":{"line":66,"column":13}},"loc":{"start":{"line":66,"column":29},"end":{"line":68,"column":1}},"line":66},"3":{"name":"(anonymous_3)","decl":{"start":{"line":72,"column":53},"end":{"line":72,"column":54}},"loc":{"start":{"line":72,"column":73},"end":{"line":76,"column":1}},"line":72},"4":{"name":"(anonymous_4)","decl":{"start":{"line":86,"column":17},"end":{"line":86,"column":18}},"loc":{"start":{"line":86,"column":29},"end":{"line":88,"column":1}},"line":86}},"branchMap":{"0":{"loc":{"start":{"line":17,"column":46},"end":{"line":17,"column":94}},"type":"cond-expr","locations":[{"start":{"line":17,"column":70},"end":{"line":17,"column":73}},{"start":{"line":17,"column":76},"end":{"line":17,"column":94}}],"line":17},"1":{"loc":{"start":{"line":17,"column":46},"end":{"line":17,"column":67}},"type":"binary-expr","locations":[{"start":{"line":17,"column":46},"end":{"line":17,"column":49}},{"start":{"line":17,"column":53},"end":{"line":17,"column":67}}],"line":17},"2":{"loc":{"start":{"line":85,"column":11},"end":{"line":85,"column":35}},"type":"binary-expr","locations":[{"start":{"line":85,"column":11},"end":{"line":85,"column":27}},{"start":{"line":85,"column":31},"end":{"line":85,"column":35}}],"line":85}},"s":{"0":1,"1":1,"2":1,"3":1,"4":1,"5":1,"6":1,"7":7,"8":1,"9":1,"10":1,"11":1,"12":1,"13":1,"14":1,"15":1,"16":0,"17":1,"18":1,"19":0,"20":1,"21":1,"22":1,"23":1,"24":1,"25":1,"26":1,"27":1,"28":1},"f":{"0":7,"1":1,"2":0,"3":0,"4":1},"b":{"0":[0,7],"1":[7,7],"2":[1,0]},"inputSourceMap":{"version":3,"sources":["app.js"],"names":["corsOptions","origin","optionsSuccessStatus","dotenv","config","app","contact_route","require","users_route","blog_route","mongoose","connect","process","env","DB_CONNECT","useNewUrlParser","useUnifiedTopology","then","console","log","error","use","express","json","get","req","res","message","swaggerUI","serve","setup","documentation","port","PORT","listen","module","exports"],"mappings":";;AAQA;;AACA;;AACA;;AACA;;AACA;;AACA;;AACA;;;;AAdA;AACA;AACA;AACA;AACA;AAGA;AAQA;AACA,IAAMA,WAAW,GAAG;AAChBC,EAAAA,MAAM,EAAE,GADQ;AAEhBC,EAAAA,oBAAoB,EAAE,GAFN,CAGpB;AACA;;AAJoB,CAApB;;AAQAC,mBAAOC,MAAP;;AACA,IAAMC,GAAG,GAAG,0BAAZ,C,CAGA;AACA;AACA;AACA;AACA;AACA;AACA;AACA;AACA;AACA;AACA;AACA;AACA;AAEA;AACA;AACA;AACA;AAGA;;AAEA,IAAMC,aAAa,GAAGC,OAAO,CAAC,kBAAD,CAA7B;;AACA,IAAMC,WAAW,GAAGD,OAAO,CAAC,qBAAD,CAA3B;;AACA,IAAME,UAAU,GAAGF,OAAO,CAAC,oBAAD,CAA1B,C,CAEA;;;AACAG,qBAASC,OAAT,CAAiBC,OAAO,CAACC,GAAR,CAAYC,UAA7B,EAAyC;AAAEC,EAAAA,eAAe,EAAE,IAAnB;AAAyBC,EAAAA,kBAAkB,EAAE;AAA7C,CAAzC,EACCC,IADD,CACM,YAAI;AAACC,EAAAA,OAAO,CAACC,GAAR,CAAY,0BAAZ;AAAwC,CADnD,WAEO,UAACC,KAAD,EAAS;AAACF,EAAAA,OAAO,CAACC,GAAR,CAAY,2BAAyBC,KAArC;AAA4C,CAF7D,E,CAIA;;;AACAf,GAAG,CAACgB,GAAJ,CAAQC,oBAAQC,IAAR,EAAR;AACAlB,GAAG,CAACmB,GAAJ,CAAQ,OAAR,EAAgB,sBAAKxB,WAAL,CAAhB,EAAkC,UAACyB,GAAD,EAAKC,GAAL,EAAW;AACzCA,EAAAA,GAAG,CAACH,IAAJ,CAAS;AAACI,IAAAA,OAAO,EAAC;AAAT,GAAT;AACH,CAFD;AAGAtB,GAAG,CAACgB,GAAJ,CAAQ,MAAR,EAAe,sBAAKrB,WAAL,CAAf,EAAkCM,aAAlC;AACAD,GAAG,CAACgB,GAAJ,CAAQ,MAAR,EAAe,sBAAKrB,WAAL,CAAf,EAAkCQ,WAAlC;AACAH,GAAG,CAACgB,GAAJ,CAAQ,MAAR,EAAe,sBAAKrB,WAAL,CAAf,EAAkCS,UAAlC;AACAJ,GAAG,CAACgB,GAAJ,CAAQ,WAAR,EAAoB,sBAAKrB,WAAL,CAApB,EAAsC4B,6BAAUC,KAAhD,EAAsDD,6BAAUE,KAAV,CAAgBC,yBAAhB,CAAtD;AACA1B,GAAG,CAACgB,GAAJ,CAAQ,sBAAKrB,WAAL,CAAR,E,CACA;AACA;AAEA;;AACA,IAAMgC,IAAI,GAAGpB,OAAO,CAACC,GAAR,CAAYoB,IAAZ,IAAoB,IAAjC;AACA5B,GAAG,CAAC6B,MAAJ,CAAWF,IAAX,EAAiB,YAAI;AACjBd,EAAAA,OAAO,CAACC,GAAR,kCAAsCa,IAAtC;AACH,CAFD;AAGAG,MAAM,CAACC,OAAP,GAAiB/B,GAAjB","sourceRoot":"C:\\Users\\user\\Desktop\\server2\\server\\src\\","sourcesContent":["// const express = require(\"express\")\r\n// const mongoose = require(\"mongoose\")\r\n// const dotenv = require(\"dotenv\").config();\r\n// const app = express()\r\n// const bcrypt = require('bcrypt')\r\n\r\n\r\n//Import using ES6\r\nimport dotenv from 'dotenv';\r\nimport express from 'express';\r\nimport mongoose from 'mongoose';\r\nimport swaggerUI from 'swagger-ui-express';\r\nimport documentation from '../documentation';\r\nimport swaggerJsDoc from 'swagger-jsdoc';\r\nimport cors from 'cors';\r\n// app.use(cors())\r\nconst corsOptions = {\r\n    origin: '*',\r\n    optionsSuccessStatus: 200 \r\n// const corsOptions = { origin: '*', optionsSuccessStatus: 200 // some legacy browsers (IE11, various SmartTVs) choke on 204 \r\n// } \r\n\r\n  }\r\n\r\ndotenv.config();\r\nconst app = express()\r\n\r\n\r\n// const options = {\r\n//     definition: {\r\n//         openapi:\"3.0.0\",\r\n//         info:{\r\n//             title:'My Brand Api',\r\n//             version:\"1.0.0\",\r\n//             description:\"My rand api is background engine for my portfolio website. it runs on NodeJs using MongoDB as database with Mongoose as the ORM. I am using JWT for handling authentications and JOI for Validating inputs from the user before they are sent to the server and Bcrypt for hashing passwords stored in the database.\"\r\n//         },\r\n//         servers:[\r\n//             {\r\n//                 url:\"http://127.0.0.1:3000\"\r\n//             }\r\n//         ],\r\n      \r\n//     },\r\n//     apis:[\"./routes/*.js\"]\r\n// }\r\n// const specs = swaggerJsDoc(options)\r\n\r\n\r\n// Import Routes\r\n\r\nconst contact_route = require(\"./routes/contact\");\r\nconst users_route = require(\"./routes/usersRoute\")\r\nconst blog_route = require(\"./routes/blogRoute\")\r\n\r\n//Database connection\r\nmongoose.connect(process.env.DB_CONNECT, { useNewUrlParser: true, useUnifiedTopology: true })\r\n.then(()=>{console.log(\"database connected......\")})\r\n.catch((error)=>{console.log(\"database not connected\"+error)})\r\n\r\n// Route\r\napp.use(express.json())\r\napp.get(\"/test\",cors(corsOptions),(req,res)=>{\r\n    res.json({message:\"you made it blooo\"})\r\n})\r\napp.use(\"/api\",cors(corsOptions), contact_route)\r\napp.use(\"/api\",cors(corsOptions), users_route)\r\napp.use(\"/api\",cors(corsOptions), blog_route)\r\napp.use(\"/api-docs\",cors(corsOptions),swaggerUI.serve,swaggerUI.setup(documentation))\r\napp.use(cors(corsOptions))\r\n// app.use(\"/api\",cors(corsOptions),\"*\")\r\n// app.all(cors(corsOptions))\r\n\r\n//port connection\r\nconst port = process.env.PORT || 3000\r\napp.listen(port, ()=>{\r\n    console.log(`server running on port:${port}`)\r\n}) \r\nmodule.exports = app"]},"_coverageSchema":"1a1c01bbd47fc00a2c39e90264f33305004495a9","hash":"42be0b7ebb4c5a4415c2c359479ebb2ed4e235ee","contentHash":"c5a7fb7db3dad4f316bb7ea98e8561149e496548c471d2697364211a00e4e0c3"},"C:\\Users\\user\\Desktop\\server2\\server\\src\\routes\\contact.js":{"path":"C:\\Users\\user\\Desktop\\server2\\server\\src\\routes\\contact.js","statementMap":{"0":{"start":{"line":3,"column":15},"end":{"line":3,"column":57}},"1":{"start":{"line":5,"column":15},"end":{"line":5,"column":71}},"2":{"start":{"line":7,"column":21},"end":{"line":7,"column":83}},"3":{"start":{"line":9,"column":39},"end":{"line":9,"column":95}},"4":{"start":{"line":14,"column":13},"end":{"line":14,"column":41}},"5":{"start":{"line":16,"column":0},"end":{"line":16,"column":62}},"6":{"start":{"line":17,"column":0},"end":{"line":17,"column":85}},"7":{"start":{"line":18,"column":0},"end":{"line":18,"column":92}},"8":{"start":{"line":19,"column":0},"end":{"line":19,"column":95}},"9":{"start":{"line":20,"column":0},"end":{"line":20,"column":24}}},"fnMap":{"0":{"name":"_interopRequireDefault","decl":{"start":{"line":9,"column":9},"end":{"line":9,"column":31}},"loc":{"start":{"line":9,"column":37},"end":{"line":9,"column":97}},"line":9}},"branchMap":{"0":{"loc":{"start":{"line":9,"column":46},"end":{"line":9,"column":94}},"type":"cond-expr","locations":[{"start":{"line":9,"column":70},"end":{"line":9,"column":73}},{"start":{"line":9,"column":76},"end":{"line":9,"column":94}}],"line":9},"1":{"loc":{"start":{"line":9,"column":46},"end":{"line":9,"column":67}},"type":"binary-expr","locations":[{"start":{"line":9,"column":46},"end":{"line":9,"column":49}},{"start":{"line":9,"column":53},"end":{"line":9,"column":67}}],"line":9}},"s":{"0":1,"1":1,"2":1,"3":3,"4":1,"5":1,"6":1,"7":1,"8":1,"9":1},"f":{"0":3},"b":{"0":[1,2],"1":[3,3]},"inputSourceMap":{"version":3,"sources":["contact.js"],"names":["router","express","Router","post","ContactController","sendMessage","get","verify","GetAllMessage","GetsingleMessage","DeleteMessage","module","exports"],"mappings":";;AAKA;;AACA;;AACA;;;;AAPA;AACA;AACA;AAMA,IAAMA,MAAM,GAAGC,oBAAQC,MAAR,EAAf;;AAEAF,MAAM,CAACG,IAAP,CAAY,eAAZ,EAA6BC,oBAAkBC,WAA/C;AACAL,MAAM,CAACM,GAAP,CAAW,UAAX,EAAsBC,yBAAtB,EAA8BH,oBAAkBI,aAAhD;AACAR,MAAM,CAACM,GAAP,CAAW,cAAX,EAA0BC,yBAA1B,EAAiCH,oBAAkBK,gBAAnD;AACAT,MAAM,UAAN,CAAc,cAAd,EAA6BO,yBAA7B,EAAoCH,oBAAkBM,aAAtD;AAEAC,MAAM,CAACC,OAAP,GAAiBZ,MAAjB","sourceRoot":"C:\\Users\\user\\Desktop\\server2\\server\\src\\routes\\","sourcesContent":["// const express = require(\"express\");\r\n// const contactController = require(\"../controller/contact\")\r\n// const verify = require(\"../middleware/authenticator\")\r\n\r\n\r\nimport express from \"express\";\r\nimport ContactController from \"../controller/contact\";\r\nimport verify from \"../middleware/authenticator\";\r\nconst router = express.Router();\r\n\r\nrouter.post(\"/contact/send\", ContactController.sendMessage)\r\nrouter.get(\"/contact\",verify, ContactController.GetAllMessage)\r\nrouter.get(\"/contact/:id\",verify,ContactController.GetsingleMessage)\r\nrouter.delete(\"/contact/:id\",verify,ContactController.DeleteMessage)\r\n\r\nmodule.exports = router;"]},"_coverageSchema":"1a1c01bbd47fc00a2c39e90264f33305004495a9","hash":"409187f062aa89b674c860c06fd24eb613663797","contentHash":"9b6ee3256f29c50315143c0f0b2ada0d8a5d5e58224cbe69523e8182bfbeeb26"},"C:\\Users\\user\\Desktop\\server2\\server\\src\\controller\\contact.js":{"path":"C:\\Users\\user\\Desktop\\server2\\server\\src\\controller\\contact.js","statementMap":{"0":{"start":{"line":3,"column":0},"end":{"line":5,"column":3}},"1":{"start":{"line":6,"column":0},"end":{"line":6,"column":28}},"2":{"start":{"line":8,"column":15},"end":{"line":8,"column":67}},"3":{"start":{"line":10,"column":25},"end":{"line":10,"column":67}},"4":{"start":{"line":12,"column":13},"end":{"line":12,"column":63}},"5":{"start":{"line":14,"column":39},"end":{"line":14,"column":95}},"6":{"start":{"line":16,"column":77},"end":{"line":16,"column":175}},"7":{"start":{"line":16,"column":94},"end":{"line":16,"column":107}},"8":{"start":{"line":16,"column":121},"end":{"line":16,"column":131}},"9":{"start":{"line":16,"column":151},"end":{"line":16,"column":165}},"10":{"start":{"line":16,"column":166},"end":{"line":16,"column":173}},"11":{"start":{"line":16,"column":176},"end":{"line":16,"column":263}},"12":{"start":{"line":16,"column":193},"end":{"line":16,"column":208}},"13":{"start":{"line":16,"column":218},"end":{"line":16,"column":261}},"14":{"start":{"line":18,"column":33},"end":{"line":18,"column":387}},"15":{"start":{"line":18,"column":65},"end":{"line":18,"column":69}},"16":{"start":{"line":18,"column":78},"end":{"line":18,"column":87}},"17":{"start":{"line":18,"column":89},"end":{"line":18,"column":384}},"18":{"start":{"line":18,"column":147},"end":{"line":18,"column":167}},"19":{"start":{"line":18,"column":193},"end":{"line":18,"column":264}},"20":{"start":{"line":18,"column":290},"end":{"line":18,"column":360}},"21":{"start":{"line":18,"column":363},"end":{"line":18,"column":380}},"22":{"start":{"line":20,"column":44},"end":{"line":20,"column":315}},"23":{"start":{"line":20,"column":57},"end":{"line":20,"column":58}},"24":{"start":{"line":20,"column":102},"end":{"line":20,"column":110}},"25":{"start":{"line":20,"column":112},"end":{"line":20,"column":167}},"26":{"start":{"line":20,"column":168},"end":{"line":20,"column":199}},"27":{"start":{"line":20,"column":200},"end":{"line":20,"column":254}},"28":{"start":{"line":20,"column":227},"end":{"line":20,"column":254}},"29":{"start":{"line":20,"column":255},"end":{"line":20,"column":313}},"30":{"start":{"line":22,"column":62},"end":{"line":22,"column":131}},"31":{"start":{"line":22,"column":78},"end":{"line":22,"column":131}},"32":{"start":{"line":22,"column":132},"end":{"line":22,"column":193}},"33":{"start":{"line":22,"column":149},"end":{"line":22,"column":193}},"34":{"start":{"line":22,"column":194},"end":{"line":22,"column":263}},"35":{"start":{"line":22,"column":264},"end":{"line":22,"column":283}},"36":{"start":{"line":24,"column":50},"end":{"line":24,"column":151}},"37":{"start":{"line":24,"column":92},"end":{"line":24,"column":149}},"38":{"start":{"line":26,"column":44},"end":{"line":26,"column":195}},"39":{"start":{"line":26,"column":62},"end":{"line":26,"column":166}},"40":{"start":{"line":26,"column":176},"end":{"line":26,"column":193}},"41":{"start":{"line":26,"column":196},"end":{"line":26,"column":207}},"42":{"start":{"line":28,"column":37},"end":{"line":30,"column":2}},"43":{"start":{"line":29,"column":2},"end":{"line":29,"column":43}},"44":{"start":{"line":32,"column":0},"end":{"line":76,"column":5}},"45":{"start":{"line":33,"column":13},"end":{"line":71,"column":5}},"46":{"start":{"line":36,"column":4},"end":{"line":70,"column":16}},"47":{"start":{"line":37,"column":6},"end":{"line":69,"column":7}},"48":{"start":{"line":38,"column":8},"end":{"line":68,"column":9}},"49":{"start":{"line":40,"column":12},"end":{"line":40,"column":129}},"50":{"start":{"line":42,"column":12},"end":{"line":45,"column":13}},"51":{"start":{"line":43,"column":14},"end":{"line":43,"column":32}},"52":{"start":{"line":44,"column":14},"end":{"line":44,"column":20}},"53":{"start":{"line":47,"column":12},"end":{"line":49,"column":15}},"54":{"start":{"line":50,"column":12},"end":{"line":50,"column":30}},"55":{"start":{"line":51,"column":12},"end":{"line":51,"column":18}},"56":{"start":{"line":54,"column":12},"end":{"line":58,"column":15}},"57":{"start":{"line":59,"column":12},"end":{"line":59,"column":30}},"58":{"start":{"line":60,"column":12},"end":{"line":60,"column":41}},"59":{"start":{"line":63,"column":12},"end":{"line":63,"column":49}},"60":{"start":{"line":67,"column":12},"end":{"line":67,"column":35}},"61":{"start":{"line":73,"column":2},"end":{"line":75,"column":4}},"62":{"start":{"line":74,"column":4},"end":{"line":74,"column":39}},"63":{"start":{"line":78,"column":0},"end":{"line":135,"column":5}},"64":{"start":{"line":79,"column":14},"end":{"line":130,"column":5}},"65":{"start":{"line":81,"column":4},"end":{"line":129,"column":34}},"66":{"start":{"line":82,"column":6},"end":{"line":128,"column":7}},"67":{"start":{"line":83,"column":8},"end":{"line":127,"column":9}},"68":{"start":{"line":86,"column":12},"end":{"line":86,"column":33}},"69":{"start":{"line":87,"column":12},"end":{"line":87,"column":31}},"70":{"start":{"line":88,"column":12},"end":{"line":88,"column":54}},"71":{"start":{"line":91,"column":12},"end":{"line":91,"column":40}},"72":{"start":{"line":92,"column":12},"end":{"line":92,"column":43}},"73":{"start":{"line":94,"column":12},"end":{"line":97,"column":13}},"74":{"start":{"line":95,"column":14},"end":{"line":95,"column":33}},"75":{"start":{"line":96,"column":14},"end":{"line":96,"column":20}},"76":{"start":{"line":99,"column":12},"end":{"line":101,"column":16}},"77":{"start":{"line":104,"column":12},"end":{"line":104,"column":31}},"78":{"start":{"line":105,"column":12},"end":{"line":105,"column":32}},"79":{"start":{"line":106,"column":12},"end":{"line":106,"column":63}},"80":{"start":{"line":109,"column":12},"end":{"line":109,"column":44}},"81":{"start":{"line":110,"column":12},"end":{"line":113,"column":15}},"82":{"start":{"line":114,"column":12},"end":{"line":114,"column":32}},"83":{"start":{"line":115,"column":12},"end":{"line":115,"column":18}},"84":{"start":{"line":118,"column":12},"end":{"line":118,"column":32}},"85":{"start":{"line":119,"column":12},"end":{"line":119,"column":49}},"86":{"start":{"line":120,"column":12},"end":{"line":122,"column":15}},"87":{"start":{"line":126,"column":12},"end":{"line":126,"column":36}},"88":{"start":{"line":132,"column":2},"end":{"line":134,"column":4}},"89":{"start":{"line":133,"column":4},"end":{"line":133,"column":40}},"90":{"start":{"line":137,"column":0},"end":{"line":193,"column":5}},"91":{"start":{"line":138,"column":14},"end":{"line":188,"column":5}},"92":{"start":{"line":140,"column":4},"end":{"line":187,"column":34}},"93":{"start":{"line":141,"column":6},"end":{"line":186,"column":7}},"94":{"start":{"line":142,"column":8},"end":{"line":185,"column":9}},"95":{"start":{"line":145,"column":12},"end":{"line":145,"column":33}},"96":{"start":{"line":146,"column":12},"end":{"line":146,"column":31}},"97":{"start":{"line":147,"column":12},"end":{"line":147,"column":54}},"98":{"start":{"line":150,"column":12},"end":{"line":150,"column":40}},"99":{"start":{"line":151,"column":12},"end":{"line":151,"column":43}},"100":{"start":{"line":153,"column":12},"end":{"line":156,"column":13}},"101":{"start":{"line":154,"column":14},"end":{"line":154,"column":33}},"102":{"start":{"line":155,"column":14},"end":{"line":155,"column":20}},"103":{"start":{"line":158,"column":12},"end":{"line":160,"column":16}},"104":{"start":{"line":163,"column":12},"end":{"line":163,"column":31}},"105":{"start":{"line":164,"column":12},"end":{"line":164,"column":32}},"106":{"start":{"line":165,"column":12},"end":{"line":165,"column":46}},"107":{"start":{"line":168,"column":12},"end":{"line":168,"column":44}},"108":{"start":{"line":169,"column":12},"end":{"line":171,"column":15}},"109":{"start":{"line":172,"column":12},"end":{"line":172,"column":32}},"110":{"start":{"line":173,"column":12},"end":{"line":173,"column":18}},"111":{"start":{"line":176,"column":12},"end":{"line":176,"column":32}},"112":{"start":{"line":177,"column":12},"end":{"line":177,"column":49}},"113":{"start":{"line":178,"column":12},"end":{"line":180,"column":15}},"114":{"start":{"line":184,"column":12},"end":{"line":184,"column":36}},"115":{"start":{"line":190,"column":2},"end":{"line":192,"column":4}},"116":{"start":{"line":191,"column":4},"end":{"line":191,"column":40}},"117":{"start":{"line":195,"column":0},"end":{"line":268,"column":5}},"118":{"start":{"line":196,"column":14},"end":{"line":263,"column":5}},"119":{"start":{"line":198,"column":4},"end":{"line":262,"column":34}},"120":{"start":{"line":199,"column":6},"end":{"line":261,"column":7}},"121":{"start":{"line":200,"column":8},"end":{"line":260,"column":9}},"122":{"start":{"line":203,"column":12},"end":{"line":203,"column":33}},"123":{"start":{"line":204,"column":12},"end":{"line":204,"column":31}},"124":{"start":{"line":205,"column":12},"end":{"line":205,"column":54}},"125":{"start":{"line":208,"column":12},"end":{"line":208,"column":40}},"126":{"start":{"line":209,"column":12},"end":{"line":209,"column":43}},"127":{"start":{"line":211,"column":12},"end":{"line":214,"column":13}},"128":{"start":{"line":212,"column":14},"end":{"line":212,"column":33}},"129":{"start":{"line":213,"column":14},"end":{"line":213,"column":20}},"130":{"start":{"line":216,"column":12},"end":{"line":218,"column":16}},"131":{"start":{"line":221,"column":12},"end":{"line":223,"column":15}},"132":{"start":{"line":224,"column":12},"end":{"line":224,"column":31}},"133":{"start":{"line":226,"column":12},"end":{"line":229,"column":13}},"134":{"start":{"line":227,"column":14},"end":{"line":227,"column":34}},"135":{"start":{"line":228,"column":14},"end":{"line":228,"column":20}},"136":{"start":{"line":231,"column":12},"end":{"line":233,"column":15}},"137":{"start":{"line":234,"column":12},"end":{"line":234,"column":32}},"138":{"start":{"line":235,"column":12},"end":{"line":235,"column":18}},"139":{"start":{"line":238,"column":12},"end":{"line":238,"column":32}},"140":{"start":{"line":239,"column":12},"end":{"line":239,"column":43}},"141":{"start":{"line":242,"column":12},"end":{"line":244,"column":15}},"142":{"start":{"line":247,"column":12},"end":{"line":247,"column":32}},"143":{"start":{"line":248,"column":12},"end":{"line":248,"column":18}},"144":{"start":{"line":251,"column":12},"end":{"line":251,"column":32}},"145":{"start":{"line":252,"column":12},"end":{"line":252,"column":49}},"146":{"start":{"line":253,"column":12},"end":{"line":255,"column":15}},"147":{"start":{"line":259,"column":12},"end":{"line":259,"column":36}},"148":{"start":{"line":265,"column":2},"end":{"line":267,"column":4}},"149":{"start":{"line":266,"column":4},"end":{"line":266,"column":40}},"150":{"start":{"line":270,"column":15},"end":{"line":270,"column":32}},"151":{"start":{"line":271,"column":0},"end":{"line":271,"column":30}}},"fnMap":{"0":{"name":"_interopRequireDefault","decl":{"start":{"line":14,"column":9},"end":{"line":14,"column":31}},"loc":{"start":{"line":14,"column":37},"end":{"line":14,"column":97}},"line":14},"1":{"name":"asyncGeneratorStep","decl":{"start":{"line":16,"column":9},"end":{"line":16,"column":27}},"loc":{"start":{"line":16,"column":75},"end":{"line":16,"column":265}},"line":16},"2":{"name":"_asyncToGenerator","decl":{"start":{"line":18,"column":9},"end":{"line":18,"column":26}},"loc":{"start":{"line":18,"column":31},"end":{"line":18,"column":389}},"line":18},"3":{"name":"(anonymous_3)","decl":{"start":{"line":18,"column":40},"end":{"line":18,"column":41}},"loc":{"start":{"line":18,"column":52},"end":{"line":18,"column":386}},"line":18},"4":{"name":"(anonymous_4)","decl":{"start":{"line":18,"column":108},"end":{"line":18,"column":109}},"loc":{"start":{"line":18,"column":135},"end":{"line":18,"column":382}},"line":18},"5":{"name":"_next","decl":{"start":{"line":18,"column":178},"end":{"line":18,"column":183}},"loc":{"start":{"line":18,"column":191},"end":{"line":18,"column":266}},"line":18},"6":{"name":"_throw","decl":{"start":{"line":18,"column":276},"end":{"line":18,"column":282}},"loc":{"start":{"line":18,"column":288},"end":{"line":18,"column":362}},"line":18},"7":{"name":"_defineProperties","decl":{"start":{"line":20,"column":9},"end":{"line":20,"column":26}},"loc":{"start":{"line":20,"column":42},"end":{"line":20,"column":317}},"line":20},"8":{"name":"_createClass","decl":{"start":{"line":22,"column":9},"end":{"line":22,"column":21}},"loc":{"start":{"line":22,"column":60},"end":{"line":22,"column":285}},"line":22},"9":{"name":"_classCallCheck","decl":{"start":{"line":24,"column":9},"end":{"line":24,"column":24}},"loc":{"start":{"line":24,"column":48},"end":{"line":24,"column":153}},"line":24},"10":{"name":"_defineProperty","decl":{"start":{"line":26,"column":9},"end":{"line":26,"column":24}},"loc":{"start":{"line":26,"column":42},"end":{"line":26,"column":209}},"line":26},"11":{"name":"ContactController","decl":{"start":{"line":28,"column":59},"end":{"line":28,"column":76}},"loc":{"start":{"line":28,"column":79},"end":{"line":30,"column":1}},"line":28},"12":{"name":"(anonymous_12)","decl":{"start":{"line":32,"column":63},"end":{"line":32,"column":64}},"loc":{"start":{"line":32,"column":75},"end":{"line":76,"column":1}},"line":32},"13":{"name":"_callee","decl":{"start":{"line":33,"column":78},"end":{"line":33,"column":85}},"loc":{"start":{"line":33,"column":96},"end":{"line":71,"column":3}},"line":33},"14":{"name":"_callee$","decl":{"start":{"line":36,"column":44},"end":{"line":36,"column":52}},"loc":{"start":{"line":36,"column":63},"end":{"line":70,"column":5}},"line":36},"15":{"name":"(anonymous_15)","decl":{"start":{"line":73,"column":9},"end":{"line":73,"column":10}},"loc":{"start":{"line":73,"column":28},"end":{"line":75,"column":3}},"line":73},"16":{"name":"(anonymous_16)","decl":{"start":{"line":78,"column":68},"end":{"line":78,"column":69}},"loc":{"start":{"line":78,"column":80},"end":{"line":135,"column":1}},"line":78},"17":{"name":"_callee2","decl":{"start":{"line":79,"column":79},"end":{"line":79,"column":87}},"loc":{"start":{"line":79,"column":98},"end":{"line":130,"column":3}},"line":79},"18":{"name":"_callee2$","decl":{"start":{"line":81,"column":44},"end":{"line":81,"column":53}},"loc":{"start":{"line":81,"column":65},"end":{"line":129,"column":5}},"line":81},"19":{"name":"(anonymous_19)","decl":{"start":{"line":132,"column":9},"end":{"line":132,"column":10}},"loc":{"start":{"line":132,"column":29},"end":{"line":134,"column":3}},"line":132},"20":{"name":"(anonymous_20)","decl":{"start":{"line":137,"column":65},"end":{"line":137,"column":66}},"loc":{"start":{"line":137,"column":77},"end":{"line":193,"column":1}},"line":137},"21":{"name":"_callee3","decl":{"start":{"line":138,"column":79},"end":{"line":138,"column":87}},"loc":{"start":{"line":138,"column":98},"end":{"line":188,"column":3}},"line":138},"22":{"name":"_callee3$","decl":{"start":{"line":140,"column":44},"end":{"line":140,"column":53}},"loc":{"start":{"line":140,"column":65},"end":{"line":187,"column":5}},"line":140},"23":{"name":"(anonymous_23)","decl":{"start":{"line":190,"column":9},"end":{"line":190,"column":10}},"loc":{"start":{"line":190,"column":29},"end":{"line":192,"column":3}},"line":190},"24":{"name":"(anonymous_24)","decl":{"start":{"line":195,"column":65},"end":{"line":195,"column":66}},"loc":{"start":{"line":195,"column":77},"end":{"line":268,"column":1}},"line":195},"25":{"name":"_callee4","decl":{"start":{"line":196,"column":79},"end":{"line":196,"column":87}},"loc":{"start":{"line":196,"column":98},"end":{"line":263,"column":3}},"line":196},"26":{"name":"_callee4$","decl":{"start":{"line":198,"column":44},"end":{"line":198,"column":53}},"loc":{"start":{"line":198,"column":65},"end":{"line":262,"column":5}},"line":198},"27":{"name":"(anonymous_27)","decl":{"start":{"line":265,"column":9},"end":{"line":265,"column":10}},"loc":{"start":{"line":265,"column":29},"end":{"line":267,"column":3}},"line":265}},"branchMap":{"0":{"loc":{"start":{"line":14,"column":46},"end":{"line":14,"column":94}},"type":"cond-expr","locations":[{"start":{"line":14,"column":70},"end":{"line":14,"column":73}},{"start":{"line":14,"column":76},"end":{"line":14,"column":94}}],"line":14},"1":{"loc":{"start":{"line":14,"column":46},"end":{"line":14,"column":67}},"type":"binary-expr","locations":[{"start":{"line":14,"column":46},"end":{"line":14,"column":49}},{"start":{"line":14,"column":53},"end":{"line":14,"column":67}}],"line":14},"2":{"loc":{"start":{"line":16,"column":176},"end":{"line":16,"column":263}},"type":"if","locations":[{"start":{"line":16,"column":176},"end":{"line":16,"column":263}},{"start":{"line":16,"column":176},"end":{"line":16,"column":263}}],"line":16},"3":{"loc":{"start":{"line":20,"column":136},"end":{"line":20,"column":166}},"type":"binary-expr","locations":[{"start":{"line":20,"column":136},"end":{"line":20,"column":157}},{"start":{"line":20,"column":161},"end":{"line":20,"column":166}}],"line":20},"4":{"loc":{"start":{"line":20,"column":200},"end":{"line":20,"column":254}},"type":"if","locations":[{"start":{"line":20,"column":200},"end":{"line":20,"column":254}},{"start":{"line":20,"column":200},"end":{"line":20,"column":254}}],"line":20},"5":{"loc":{"start":{"line":22,"column":62},"end":{"line":22,"column":131}},"type":"if","locations":[{"start":{"line":22,"column":62},"end":{"line":22,"column":131}},{"start":{"line":22,"column":62},"end":{"line":22,"column":131}}],"line":22},"6":{"loc":{"start":{"line":22,"column":132},"end":{"line":22,"column":193}},"type":"if","locations":[{"start":{"line":22,"column":132},"end":{"line":22,"column":193}},{"start":{"line":22,"column":132},"end":{"line":22,"column":193}}],"line":22},"7":{"loc":{"start":{"line":24,"column":50},"end":{"line":24,"column":151}},"type":"if","locations":[{"start":{"line":24,"column":50},"end":{"line":24,"column":151}},{"start":{"line":24,"column":50},"end":{"line":24,"column":151}}],"line":24},"8":{"loc":{"start":{"line":26,"column":44},"end":{"line":26,"column":195}},"type":"if","locations":[{"start":{"line":26,"column":44},"end":{"line":26,"column":195}},{"start":{"line":26,"column":44},"end":{"line":26,"column":195}}],"line":26},"9":{"loc":{"start":{"line":38,"column":8},"end":{"line":68,"column":9}},"type":"switch","locations":[{"start":{"line":39,"column":10},"end":{"line":51,"column":18}},{"start":{"line":53,"column":10},"end":{"line":60,"column":41}},{"start":{"line":62,"column":10},"end":{"line":63,"column":49}},{"start":{"line":65,"column":10},"end":{"line":65,"column":17}},{"start":{"line":66,"column":10},"end":{"line":67,"column":35}}],"line":38},"10":{"loc":{"start":{"line":42,"column":12},"end":{"line":45,"column":13}},"type":"if","locations":[{"start":{"line":42,"column":12},"end":{"line":45,"column":13}},{"start":{"line":42,"column":12},"end":{"line":45,"column":13}}],"line":42},"11":{"loc":{"start":{"line":83,"column":8},"end":{"line":127,"column":9}},"type":"switch","locations":[{"start":{"line":84,"column":10},"end":{"line":88,"column":54}},{"start":{"line":90,"column":10},"end":{"line":101,"column":16}},{"start":{"line":103,"column":10},"end":{"line":106,"column":63}},{"start":{"line":108,"column":10},"end":{"line":115,"column":18}},{"start":{"line":117,"column":10},"end":{"line":122,"column":15}},{"start":{"line":124,"column":10},"end":{"line":124,"column":18}},{"start":{"line":125,"column":10},"end":{"line":126,"column":36}}],"line":83},"12":{"loc":{"start":{"line":94,"column":12},"end":{"line":97,"column":13}},"type":"if","locations":[{"start":{"line":94,"column":12},"end":{"line":97,"column":13}},{"start":{"line":94,"column":12},"end":{"line":97,"column":13}}],"line":94},"13":{"loc":{"start":{"line":142,"column":8},"end":{"line":185,"column":9}},"type":"switch","locations":[{"start":{"line":143,"column":10},"end":{"line":147,"column":54}},{"start":{"line":149,"column":10},"end":{"line":160,"column":16}},{"start":{"line":162,"column":10},"end":{"line":165,"column":46}},{"start":{"line":167,"column":10},"end":{"line":173,"column":18}},{"start":{"line":175,"column":10},"end":{"line":180,"column":15}},{"start":{"line":182,"column":10},"end":{"line":182,"column":18}},{"start":{"line":183,"column":10},"end":{"line":184,"column":36}}],"line":142},"14":{"loc":{"start":{"line":153,"column":12},"end":{"line":156,"column":13}},"type":"if","locations":[{"start":{"line":153,"column":12},"end":{"line":156,"column":13}},{"start":{"line":153,"column":12},"end":{"line":156,"column":13}}],"line":153},"15":{"loc":{"start":{"line":200,"column":8},"end":{"line":260,"column":9}},"type":"switch","locations":[{"start":{"line":201,"column":10},"end":{"line":205,"column":54}},{"start":{"line":207,"column":10},"end":{"line":218,"column":16}},{"start":{"line":220,"column":10},"end":{"line":235,"column":18}},{"start":{"line":237,"column":10},"end":{"line":239,"column":43}},{"start":{"line":241,"column":10},"end":{"line":244,"column":15}},{"start":{"line":246,"column":10},"end":{"line":248,"column":18}},{"start":{"line":250,"column":10},"end":{"line":255,"column":15}},{"start":{"line":257,"column":10},"end":{"line":257,"column":18}},{"start":{"line":258,"column":10},"end":{"line":259,"column":36}}],"line":200},"16":{"loc":{"start":{"line":211,"column":12},"end":{"line":214,"column":13}},"type":"if","locations":[{"start":{"line":211,"column":12},"end":{"line":214,"column":13}},{"start":{"line":211,"column":12},"end":{"line":214,"column":13}}],"line":211},"17":{"loc":{"start":{"line":226,"column":12},"end":{"line":229,"column":13}},"type":"if","locations":[{"start":{"line":226,"column":12},"end":{"line":229,"column":13}},{"start":{"line":226,"column":12},"end":{"line":229,"column":13}}],"line":226}},"s":{"0":1,"1":1,"2":1,"3":1,"4":1,"5":2,"6":12,"7":12,"8":12,"9":0,"10":0,"11":12,"12":4,"13":8,"14":4,"15":4,"16":4,"17":4,"18":4,"19":11,"20":1,"21":4,"22":0,"23":0,"24":0,"25":0,"26":0,"27":0,"28":0,"29":0,"30":1,"31":0,"32":1,"33":0,"34":1,"35":1,"36":0,"37":0,"38":4,"39":0,"40":4,"41":4,"42":1,"43":0,"44":1,"45":1,"46":0,"47":0,"48":0,"49":0,"50":0,"51":0,"52":0,"53":0,"54":0,"55":0,"56":0,"57":0,"58":0,"59":0,"60":0,"61":1,"62":0,"63":1,"64":1,"65":2,"66":6,"67":9,"68":2,"69":2,"70":2,"71":2,"72":2,"73":2,"74":2,"75":2,"76":0,"77":2,"78":2,"79":2,"80":1,"81":1,"82":1,"83":1,"84":1,"85":1,"86":1,"87":2,"88":1,"89":2,"90":1,"91":1,"92":1,"93":3,"94":5,"95":1,"96":1,"97":1,"98":1,"99":1,"100":1,"101":1,"102":1,"103":0,"104":1,"105":1,"106":1,"107":1,"108":1,"109":1,"110":1,"111":0,"112":0,"113":0,"114":1,"115":1,"116":1,"117":1,"118":1,"119":1,"120":3,"121":6,"122":1,"123":1,"124":1,"125":1,"126":1,"127":1,"128":1,"129":1,"130":0,"131":1,"132":1,"133":1,"134":1,"135":1,"136":0,"137":0,"138":0,"139":1,"140":1,"141":1,"142":1,"143":1,"144":0,"145":0,"146":0,"147":1,"148":1,"149":1,"150":1,"151":1},"f":{"0":2,"1":12,"2":4,"3":4,"4":4,"5":11,"6":1,"7":0,"8":1,"9":0,"10":4,"11":0,"12":1,"13":0,"14":0,"15":0,"16":1,"17":2,"18":6,"19":2,"20":1,"21":1,"22":3,"23":1,"24":1,"25":1,"26":3,"27":1},"b":{"0":[0,2],"1":[2,2],"2":[4,8],"3":[0,0],"4":[0,0],"5":[0,1],"6":[0,1],"7":[0,0],"8":[0,4],"9":[0,0,0,0,0],"10":[0,0],"11":[2,2,2,1,1,2,2],"12":[2,0],"13":[1,1,1,1,0,1,1],"14":[1,0],"15":[1,1,1,1,1,1,0,1,1],"16":[1,0],"17":[1,0]},"inputSourceMap":{"version":3,"sources":["contact.js"],"names":["ContactController","req","res","body","error","status","send","Message","details","message","ContactMessage","name","trim","email","save","userId","user","id","User","findById","loggedUser","userRole","params","json","find","findOne","_id","remove"],"mappings":";;;;;;;AAKA;;AACA;;AACA;;;;;;;;;;;;;;;;IAGMA,iB;;;;gBAAAA,iB;qEACgB,iBAAMC,GAAN,EAAUC,GAAV;AAAA;;AAAA;AAAA;AAAA;AAAA;AAAA,oCAEF,8CAAsBD,GAAG,CAACE,IAA1B,CAFE,EAEXC,KAFW,yBAEXA,KAFW;;AAAA,iBAGfA,KAHe;AAAA;AAAA;AAAA;;AAIdF,YAAAA,GAAG,CAACG,MAAJ,CAAW,GAAX,EAAgBC,IAAhB,CAAqB;AAACC,cAAAA,OAAO,EAACH,KAAK,CAACI,OAAN,CAAc,CAAd,EAAiBC;AAA1B,aAArB;AAJc;AAAA;;AAAA;AAQZC,YAAAA,cARY,GAQK,IAAIH,mBAAJ,CAAY;AAC/B,sBAAON,GAAG,CAACE,IAAJ,CAASQ,IAAT,CAAcC,IAAd,EADwB;AAE/B,uBAAQX,GAAG,CAACE,IAAJ,CAASU,KAAT,CAAeD,IAAf,EAFuB;AAG/B,yBAAUX,GAAG,CAACE,IAAJ,CAASM,OAAT,CAAiBG,IAAjB;AAHqB,aAAZ,CARL;AAAA;AAAA,mBAaZF,cAAc,CAACI,IAAf,EAbY;;AAAA;AAclBZ,YAAAA,GAAG,CAACG,MAAJ,CAAW,GAAX,EAAgBC,IAAhB,CAAqBI,cAArB;;AAdkB;AAAA;AAAA;AAAA;AAAA;AAAA;AAAA,G;;;;;;;gBADhBV,iB;sEAsBqB,kBAAOC,GAAP,EAAWC,GAAX;AAAA;AAAA;AAAA;AAAA;AAAA;AACrB;AACGa,YAAAA,MAFkB,GAETd,GAAG,CAACe,IAAJ,CAASC,EAFA;AAAA;AAAA,mBAGGC,kBAAKC,QAAL,CAAcJ,MAAd,CAHH;;AAAA;AAGhBK,YAAAA,UAHgB;AAIhBC,YAAAA,QAJgB,GAILD,UAAU,CAACC,QAJN;;AAAA,kBAMnBA,QAAQ,IAAI,MANO;AAAA;AAAA;AAAA;;AAAA,8CAMQnB,GAAG,CAACG,MAAJ,CAAW,GAAX,EAAgBC,IAAhB,CAAqB;AAACC,cAAAA,OAAO,EAAC;AAAT,aAArB,CANR;;AAAA;AAAA;AAAA;AAAA,mBAQMA,oBAAQY,QAAR,CAAiBlB,GAAG,CAACqB,MAAJ,CAAWL,EAA5B,CARN;;AAAA;AAQjBP,YAAAA,cARiB;AASvBR,YAAAA,GAAG,CAACG,MAAJ,CAAW,GAAX,EAAgBkB,IAAhB,CAAqB;AAACd,cAAAA,OAAO,EAAC,6BAAT;AAAuCC,cAAAA,cAAc,EAAdA;AAAvC,aAArB;AATuB;AAAA;;AAAA;AAAA;AAAA;AAWnBR,YAAAA,GAAG,CAACG,MAAJ,CAAW,GAAX,EAAgBC,IAAhB,CAAqB;AAACC,cAAAA,OAAO,EAAC;AAAT,aAArB;;AAXmB;AAAA;AAAA;AAAA;AAAA;AAAA;AAAA,G;;;;;;;gBAtBrBP,iB;sEAuCiB,kBAAOC,GAAP,EAAWC,GAAX;AAAA;AAAA;AAAA;AAAA;AAAA;AAEnB;AACKa,YAAAA,MAHc,GAGLd,GAAG,CAACe,IAAJ,CAASC,EAHJ;AAAA;AAAA,mBAIOC,kBAAKC,QAAL,CAAcJ,MAAd,CAJP;;AAAA;AAIZK,YAAAA,UAJY;AAKZC,YAAAA,QALY,GAKDD,UAAU,CAACC,QALV;;AAAA,kBAOfA,QAAQ,IAAI,MAPG;AAAA;AAAA;AAAA;;AAAA,8CAOYnB,GAAG,CAACG,MAAJ,CAAW,GAAX,EAAgBC,IAAhB,CAAqB;AAACC,cAAAA,OAAO,EAAC;AAAT,aAArB,CAPZ;;AAAA;AAAA;AAAA;AAAA,mBAWUA,oBAAQiB,IAAR,EAXV;;AAAA;AAWbd,YAAAA,cAXa;AAYnBR,YAAAA,GAAG,CAACG,MAAJ,CAAW,GAAX,EAAgBC,IAAhB,CAAqB;AAACI,cAAAA,cAAc,EAAdA;AAAD,aAArB;AAZmB;AAAA;;AAAA;AAAA;AAAA;AAcfR,YAAAA,GAAG,CAACG,MAAJ,CAAW,GAAX,EAAgBC,IAAhB,CAAqB;AAACC,cAAAA,OAAO,EAAC;AAAT,aAArB;;AAde;AAAA;AAAA;AAAA;AAAA;AAAA;AAAA,G;;;;;;;gBAvCjBP,iB;sEA4DiB,kBAAOC,GAAP,EAAWC,GAAX;AAAA;AAAA;AAAA;AAAA;AAAA;AACjB;AACIa,YAAAA,MAFa,GAEJd,GAAG,CAACe,IAAJ,CAASC,EAFL;AAAA;AAAA,mBAGQC,kBAAKC,QAAL,CAAcJ,MAAd,CAHR;;AAAA;AAGXK,YAAAA,UAHW;AAIXC,YAAAA,QAJW,GAIAD,UAAU,CAACC,QAJX;;AAAA,kBAKdA,QAAQ,IAAI,MALE;AAAA;AAAA;AAAA;;AAAA,8CAKanB,GAAG,CAACG,MAAJ,CAAW,GAAX,EAAgBC,IAAhB,CAAqB;AAACC,cAAAA,OAAO,EAAC;AAAT,aAArB,CALb;;AAAA;AAQbG,YAAAA,cARa,GAQIH,oBAAQkB,OAAR,CAAgB;AAACC,cAAAA,GAAG,EAACzB,GAAG,CAACqB,MAAJ,CAAWL;AAAhB,aAAhB,CARJ;AAAA;;AAAA,gBAWdP,cAXc;AAAA;AAAA;AAAA;;AAYfR,YAAAA,GAAG,CAACI,IAAJ,CAAS;AAAEG,cAAAA,OAAO,EAAE;AAAX,aAAT;AAZe;AAAA;;AAAA;AAAA;AAAA,mBAoBbC,cAAc,CAACiB,MAAf,EApBa;;AAAA;AAqBnBzB,YAAAA,GAAG,CAACG,MAAJ,CAAW,GAAX,EAAgBC,IAAhB,CAAqB;AAACC,cAAAA,OAAO,EAAC;AAAT,aAArB;;AArBmB;AAAA;AAAA;;AAAA;AAAA;AAAA;AAuBfL,YAAAA,GAAG,CAACG,MAAJ,CAAW,GAAX,EAAgBC,IAAhB,CAAqB;AAACC,cAAAA,OAAO,EAAC;AAAT,aAArB;;AAvBe;AAAA;AAAA;AAAA;AAAA;AAAA;AAAA,G;;;;;;;eA2BRP,iB","sourceRoot":"C:\\Users\\user\\Desktop\\server2\\server\\src\\controller\\","sourcesContent":["// const Message = require(\"../models/contact\")\r\n// const {contactFormValidation} = require(\"../middleware/contactMiddleware\")\r\n// const verify = require(\"../middleware/authenticator\")\r\n// const User = require(\"../models/user\")\r\n\r\nimport Message from \"../models/contact\"\r\nimport {contactFormValidation} from \"../middleware/contactMiddleware\"\r\nimport User from \"../models/users\" \r\n\r\n\r\nclass ContactController{\r\n static sendMessage = async(req,res)=>{\r\n\r\n    const {error} = contactFormValidation(req.body)\r\n    if(error){\r\n        res.status(400).send({Message:error.details[0].message})\r\n    }\r\n    else{\r\n\r\n    const ContactMessage = new Message({\r\n        \"name\":req.body.name.trim(),\r\n        \"email\":req.body.email.trim(),\r\n        \"message\":req.body.message.trim()\r\n    })\r\n    await ContactMessage.save()\r\n    res.status(200).send(ContactMessage)\r\n\r\n}}\r\n\r\n              // view single messages\r\n\r\n\r\nstatic GetsingleMessage =  async (req,res)=>{\r\n      //verify if users is admin\r\n     let userId = req.user.id\r\n     const loggedUser = await User.findById(userId);\r\n     const userRole = loggedUser.userRole;\r\n\r\n     if(userRole == \"user\") return res.status(401).send({Message:\"you are not allowed to access this page\"})\r\n    try{\r\n    const ContactMessage = await Message.findById(req.params.id)\r\n    res.status(200).json({message:\"Message recieved succesfuly\",ContactMessage})\r\n    }catch{\r\n        res.status(404).send({Message:\"message not found\"})\r\n    }\r\n}\r\n\r\n          // liste of all messages\r\n          \r\nstatic GetAllMessage = async (req,res)=>{\r\n\r\n    //verify if users is admin\r\n     let userId = req.user.id\r\n     const loggedUser = await User.findById(userId);\r\n     const userRole = loggedUser.userRole;\r\n\r\n     if(userRole == \"user\") return res.status(401).send({Message:\"you are not allowed to access this page\"})\r\n\r\n\r\n    try{\r\n    const ContactMessage = await Message.find()\r\n    res.status(200).send({ContactMessage})\r\n    }catch{\r\n        res.status(404).send({Message:\"message not found\"})\r\n    }\r\n}\r\n\r\n\r\n     //deleting a post     \r\n\r\nstatic DeleteMessage = async (req,res)=>{\r\n      //verify if users is admin\r\n      let userId = req.user.id\r\n      const loggedUser = await User.findById(userId);\r\n      const userRole = loggedUser.userRole;\r\n      if(userRole == \"user\") return res.status(401).send({Message:\"you are not allowed to access this page\"})\r\n      \r\n   \r\n    const ContactMessage = Message.findOne({_id:req.params.id})\r\n    try{\r\n\r\n    if (!ContactMessage) {\r\n        res.send({ message: \"Message not found\" });\r\n      } else {\r\n\r\n\r\n\r\n\r\n\r\n    \r\n    await ContactMessage.remove()\r\n    res.status(204).send({Message:\"message deleted successfully\"})\r\n    }}catch{\r\n        res.status(404).send({Message:\"message not found\"})\r\n    }}\r\n}\r\n\r\nexport default ContactController"]},"_coverageSchema":"1a1c01bbd47fc00a2c39e90264f33305004495a9","hash":"954daf76432f0f031a1a39cac1db70c6b58579ad","contentHash":"e79303ba02fcb7aa365684203279e07f2da66fa0cd6e7d24dc4574b15ff10cd3"},"C:\\Users\\user\\Desktop\\server2\\server\\src\\models\\contact.js":{"path":"C:\\Users\\user\\Desktop\\server2\\server\\src\\models\\contact.js","statementMap":{"0":{"start":{"line":3,"column":16},"end":{"line":3,"column":59}},"1":{"start":{"line":5,"column":39},"end":{"line":5,"column":95}},"2":{"start":{"line":8,"column":13},"end":{"line":8,"column":40}},"3":{"start":{"line":9,"column":20},"end":{"line":32,"column":2}},"4":{"start":{"line":34,"column":14},"end":{"line":34,"column":66}},"5":{"start":{"line":36,"column":0},"end":{"line":36,"column":25}}},"fnMap":{"0":{"name":"_interopRequireDefault","decl":{"start":{"line":5,"column":9},"end":{"line":5,"column":31}},"loc":{"start":{"line":5,"column":37},"end":{"line":5,"column":97}},"line":5}},"branchMap":{"0":{"loc":{"start":{"line":5,"column":46},"end":{"line":5,"column":94}},"type":"cond-expr","locations":[{"start":{"line":5,"column":70},"end":{"line":5,"column":73}},{"start":{"line":5,"column":76},"end":{"line":5,"column":94}}],"line":5},"1":{"loc":{"start":{"line":5,"column":46},"end":{"line":5,"column":67}},"type":"binary-expr","locations":[{"start":{"line":5,"column":46},"end":{"line":5,"column":49}},{"start":{"line":5,"column":53},"end":{"line":5,"column":67}}],"line":5}},"s":{"0":1,"1":1,"2":1,"3":1,"4":1,"5":1},"f":{"0":1},"b":{"0":[0,1],"1":[1,1]},"inputSourceMap":{"version":3,"sources":["contact.js"],"names":["Schema","mongoose","MessageSchema","name","type","required","min","max","email","message","createDate","Date","now","Message","model","module","exports"],"mappings":";;AACA;;;;AADA;AAEA,IAAMA,MAAM,GAAGC,qBAASD,MAAxB;AAEA,IAAME,aAAa,GAAG,IAAIF,MAAJ,CAAW;AAC7BG,EAAAA,IAAI,EAAC;AACDC,IAAAA,IAAI,EAAE,QADL;AAEDC,IAAAA,QAAQ,EAAE,IAFT;AAGDC,IAAAA,GAAG,EAAC,CAHH;AAIDC,IAAAA,GAAG,EAAE;AAJJ,GADwB;AAQ7BC,EAAAA,KAAK,EAAC;AACFJ,IAAAA,IAAI,EAAE,QADJ;AAEFC,IAAAA,QAAQ,EAAE,IAFR;AAGFC,IAAAA,GAAG,EAAC,CAHF;AAIFC,IAAAA,GAAG,EAAE;AAJH,GARuB;AAe7BE,EAAAA,OAAO,EAAE;AACLL,IAAAA,IAAI,EAAE,QADD;AAELC,IAAAA,QAAQ,EAAE,IAFL;AAGLC,IAAAA,GAAG,EAAC,CAHC;AAILC,IAAAA,GAAG,EAAC;AAJC,GAfoB;AAqB7BG,EAAAA,UAAU,EAAC;AACPN,IAAAA,IAAI,EAAE,MADC;AAEP,eAASO,IAAI,CAACC,GAAL;AAFF;AArBkB,CAAX,CAAtB;;AA0BA,IAAMC,OAAO,GAAIZ,qBAASa,KAAT,CAAe,SAAf,EAA2BZ,aAA3B,CAAjB;;AAEAa,MAAM,CAACC,OAAP,GAAiBH,OAAjB","sourceRoot":"C:\\Users\\user\\Desktop\\server2\\server\\src\\models\\","sourcesContent":["// const mongoose = require(\"mongoose\")\r\nimport mongoose from 'mongoose';\r\nconst Schema = mongoose.Schema;\r\n\r\nconst MessageSchema = new Schema({\r\n    name:{\r\n        type: 'string',\r\n        required: true,\r\n        min:6,\r\n        max: 255\r\n\r\n    },\r\n    email:{\r\n        type: 'string',\r\n        required: true,\r\n        min:5,\r\n        max: 40\r\n\r\n    },\r\n    message: {\r\n        type: 'string',\r\n        required: true,\r\n        min:5,\r\n        max:150\r\n    },\r\n    createDate:{\r\n        type: 'date',\r\n        default: Date.now()\r\n    }\r\n});\r\nconst Message =  mongoose.model('Message' , MessageSchema)\r\n\r\nmodule.exports = Message;"]},"_coverageSchema":"1a1c01bbd47fc00a2c39e90264f33305004495a9","hash":"f9126e61e26bb7fabe1a9f77083b9ae674b8b0e1","contentHash":"738ec02feec06782dd62f80448be6d4cddb862b18480c3f443d6ed9d3f0e401c"},"C:\\Users\\user\\Desktop\\server2\\server\\src\\middleware\\contactMiddleware.js":{"path":"C:\\Users\\user\\Desktop\\server2\\server\\src\\middleware\\contactMiddleware.js","statementMap":{"0":{"start":{"line":3,"column":11},"end":{"line":3,"column":55}},"1":{"start":{"line":5,"column":39},"end":{"line":5,"column":95}},"2":{"start":{"line":10,"column":28},"end":{"line":17,"column":1}},"3":{"start":{"line":11,"column":22},"end":{"line":15,"column":3}},"4":{"start":{"line":16,"column":2},"end":{"line":16,"column":58}},"5":{"start":{"line":19,"column":0},"end":{"line":19,"column":61}}},"fnMap":{"0":{"name":"_interopRequireDefault","decl":{"start":{"line":5,"column":9},"end":{"line":5,"column":31}},"loc":{"start":{"line":5,"column":37},"end":{"line":5,"column":97}},"line":5},"1":{"name":"contactFormValidation","decl":{"start":{"line":10,"column":37},"end":{"line":10,"column":58}},"loc":{"start":{"line":10,"column":68},"end":{"line":17,"column":1}},"line":10}},"branchMap":{"0":{"loc":{"start":{"line":5,"column":46},"end":{"line":5,"column":94}},"type":"cond-expr","locations":[{"start":{"line":5,"column":70},"end":{"line":5,"column":73}},{"start":{"line":5,"column":76},"end":{"line":5,"column":94}}],"line":5},"1":{"loc":{"start":{"line":5,"column":46},"end":{"line":5,"column":67}},"type":"binary-expr","locations":[{"start":{"line":5,"column":46},"end":{"line":5,"column":49}},{"start":{"line":5,"column":53},"end":{"line":5,"column":67}}],"line":5}},"s":{"0":1,"1":1,"2":1,"3":0,"4":0,"5":1},"f":{"0":1,"1":0},"b":{"0":[0,1],"1":[1,1]},"inputSourceMap":{"version":3,"sources":["contactMiddleware.js"],"names":["contactFormValidation","reqBody","contactSchema","name","joi","string","min","required","email","message","validate","module","exports"],"mappings":";;AAEA;;;;AAFA;AACA;AAIA;AACA,IAAMA,qBAAqB,GAAG,SAAxBA,qBAAwB,CAACC,OAAD,EAAY;AAC1C,MAAMC,aAAa,GAAG;AAClBC,IAAAA,IAAI,EAACC,gBAAIC,MAAJ,GAAaC,GAAb,CAAiB,CAAjB,EAAoBC,QAApB,EADa;AAElBC,IAAAA,KAAK,EAACJ,gBAAIC,MAAJ,GAAaG,KAAb,GAAqBD,QAArB,EAFY;AAGlBE,IAAAA,OAAO,EAACL,gBAAIC,MAAJ,GAAaC,GAAb,CAAiB,CAAjB,EAAoBC,QAApB;AAHU,GAAtB;AAKC,SAAOH,gBAAIM,QAAJ,CAAaT,OAAb,EAAsBC,aAAtB,CAAP;AACA,CAPD;;AAQAS,MAAM,CAACC,OAAP,CAAeZ,qBAAf,GAAuCA,qBAAvC","sourceRoot":"C:\\Users\\user\\Desktop\\server2\\server\\src\\middleware\\","sourcesContent":["//validation\r\n// const joi = require('@hapi/joi');\r\nimport joi from '@hapi/joi';\r\n\r\n\r\n//contact form validation\r\nconst contactFormValidation = (reqBody) =>{\r\nconst contactSchema = {\r\n    name:joi.string().min(4).required(),\r\n    email:joi.string().email().required(),\r\n    message:joi.string().min(4).required(),\r\n}\r\n return joi.validate(reqBody, contactSchema);\r\n}\r\nmodule.exports.contactFormValidation = contactFormValidation;\r\n\r\n"]},"_coverageSchema":"1a1c01bbd47fc00a2c39e90264f33305004495a9","hash":"49c9261447277c38b3964d97903bc3433ee3a35c","contentHash":"7f8040370fcfaa74f41f4ac7ec150c20c91b82cfddc4430dc95e877a6a8b629e"},"C:\\Users\\user\\Desktop\\server2\\server\\src\\models\\users.js":{"path":"C:\\Users\\user\\Desktop\\server2\\server\\src\\models\\users.js","statementMap":{"0":{"start":{"line":3,"column":16},"end":{"line":3,"column":59}},"1":{"start":{"line":5,"column":39},"end":{"line":5,"column":95}},"2":{"start":{"line":7,"column":77},"end":{"line":7,"column":175}},"3":{"start":{"line":7,"column":94},"end":{"line":7,"column":107}},"4":{"start":{"line":7,"column":121},"end":{"line":7,"column":131}},"5":{"start":{"line":7,"column":151},"end":{"line":7,"column":165}},"6":{"start":{"line":7,"column":166},"end":{"line":7,"column":173}},"7":{"start":{"line":7,"column":176},"end":{"line":7,"column":263}},"8":{"start":{"line":7,"column":193},"end":{"line":7,"column":208}},"9":{"start":{"line":7,"column":218},"end":{"line":7,"column":261}},"10":{"start":{"line":9,"column":33},"end":{"line":9,"column":387}},"11":{"start":{"line":9,"column":65},"end":{"line":9,"column":69}},"12":{"start":{"line":9,"column":78},"end":{"line":9,"column":87}},"13":{"start":{"line":9,"column":89},"end":{"line":9,"column":384}},"14":{"start":{"line":9,"column":147},"end":{"line":9,"column":167}},"15":{"start":{"line":9,"column":193},"end":{"line":9,"column":264}},"16":{"start":{"line":9,"column":290},"end":{"line":9,"column":360}},"17":{"start":{"line":9,"column":363},"end":{"line":9,"column":380}},"18":{"start":{"line":11,"column":13},"end":{"line":11,"column":40}},"19":{"start":{"line":13,"column":13},"end":{"line":13,"column":30}},"20":{"start":{"line":15,"column":17},"end":{"line":46,"column":2}},"21":{"start":{"line":47,"column":0},"end":{"line":77,"column":5}},"22":{"start":{"line":48,"column":13},"end":{"line":72,"column":5}},"23":{"start":{"line":50,"column":4},"end":{"line":71,"column":22}},"24":{"start":{"line":51,"column":6},"end":{"line":70,"column":7}},"25":{"start":{"line":52,"column":8},"end":{"line":69,"column":9}},"26":{"start":{"line":54,"column":12},"end":{"line":54,"column":30}},"27":{"start":{"line":55,"column":12},"end":{"line":55,"column":38}},"28":{"start":{"line":58,"column":12},"end":{"line":58,"column":33}},"29":{"start":{"line":59,"column":12},"end":{"line":59,"column":30}},"30":{"start":{"line":60,"column":12},"end":{"line":60,"column":56}},"31":{"start":{"line":63,"column":12},"end":{"line":63,"column":46}},"32":{"start":{"line":64,"column":12},"end":{"line":64,"column":19}},"33":{"start":{"line":68,"column":12},"end":{"line":68,"column":35}},"34":{"start":{"line":74,"column":2},"end":{"line":76,"column":4}},"35":{"start":{"line":75,"column":4},"end":{"line":75,"column":39}},"36":{"start":{"line":79,"column":11},"end":{"line":79,"column":57}},"37":{"start":{"line":81,"column":0},"end":{"line":81,"column":22}}},"fnMap":{"0":{"name":"_interopRequireDefault","decl":{"start":{"line":5,"column":9},"end":{"line":5,"column":31}},"loc":{"start":{"line":5,"column":37},"end":{"line":5,"column":97}},"line":5},"1":{"name":"asyncGeneratorStep","decl":{"start":{"line":7,"column":9},"end":{"line":7,"column":27}},"loc":{"start":{"line":7,"column":75},"end":{"line":7,"column":265}},"line":7},"2":{"name":"_asyncToGenerator","decl":{"start":{"line":9,"column":9},"end":{"line":9,"column":26}},"loc":{"start":{"line":9,"column":31},"end":{"line":9,"column":389}},"line":9},"3":{"name":"(anonymous_3)","decl":{"start":{"line":9,"column":40},"end":{"line":9,"column":41}},"loc":{"start":{"line":9,"column":52},"end":{"line":9,"column":386}},"line":9},"4":{"name":"(anonymous_4)","decl":{"start":{"line":9,"column":108},"end":{"line":9,"column":109}},"loc":{"start":{"line":9,"column":135},"end":{"line":9,"column":382}},"line":9},"5":{"name":"_next","decl":{"start":{"line":9,"column":178},"end":{"line":9,"column":183}},"loc":{"start":{"line":9,"column":191},"end":{"line":9,"column":266}},"line":9},"6":{"name":"_throw","decl":{"start":{"line":9,"column":276},"end":{"line":9,"column":282}},"loc":{"start":{"line":9,"column":288},"end":{"line":9,"column":362}},"line":9},"7":{"name":"(anonymous_7)","decl":{"start":{"line":47,"column":36},"end":{"line":47,"column":37}},"loc":{"start":{"line":47,"column":48},"end":{"line":77,"column":1}},"line":47},"8":{"name":"_callee","decl":{"start":{"line":48,"column":78},"end":{"line":48,"column":85}},"loc":{"start":{"line":48,"column":92},"end":{"line":72,"column":3}},"line":48},"9":{"name":"_callee$","decl":{"start":{"line":50,"column":44},"end":{"line":50,"column":52}},"loc":{"start":{"line":50,"column":63},"end":{"line":71,"column":5}},"line":50},"10":{"name":"(anonymous_10)","decl":{"start":{"line":74,"column":9},"end":{"line":74,"column":10}},"loc":{"start":{"line":74,"column":23},"end":{"line":76,"column":3}},"line":74}},"branchMap":{"0":{"loc":{"start":{"line":5,"column":46},"end":{"line":5,"column":94}},"type":"cond-expr","locations":[{"start":{"line":5,"column":70},"end":{"line":5,"column":73}},{"start":{"line":5,"column":76},"end":{"line":5,"column":94}}],"line":5},"1":{"loc":{"start":{"line":5,"column":46},"end":{"line":5,"column":67}},"type":"binary-expr","locations":[{"start":{"line":5,"column":46},"end":{"line":5,"column":49}},{"start":{"line":5,"column":53},"end":{"line":5,"column":67}}],"line":5},"2":{"loc":{"start":{"line":7,"column":176},"end":{"line":7,"column":263}},"type":"if","locations":[{"start":{"line":7,"column":176},"end":{"line":7,"column":263}},{"start":{"line":7,"column":176},"end":{"line":7,"column":263}}],"line":7},"3":{"loc":{"start":{"line":52,"column":8},"end":{"line":69,"column":9}},"type":"switch","locations":[{"start":{"line":53,"column":10},"end":{"line":55,"column":38}},{"start":{"line":57,"column":10},"end":{"line":60,"column":56}},{"start":{"line":62,"column":10},"end":{"line":64,"column":19}},{"start":{"line":66,"column":10},"end":{"line":66,"column":17}},{"start":{"line":67,"column":10},"end":{"line":68,"column":35}}],"line":52}},"s":{"0":1,"1":1,"2":0,"3":0,"4":0,"5":0,"6":0,"7":0,"8":0,"9":0,"10":1,"11":0,"12":0,"13":0,"14":0,"15":0,"16":0,"17":0,"18":1,"19":1,"20":1,"21":1,"22":1,"23":0,"24":0,"25":0,"26":0,"27":0,"28":0,"29":0,"30":0,"31":0,"32":0,"33":0,"34":1,"35":0,"36":1,"37":1},"f":{"0":1,"1":0,"2":1,"3":0,"4":0,"5":0,"6":0,"7":1,"8":0,"9":0,"10":0},"b":{"0":[0,1],"1":[1,1],"2":[0,0],"3":[0,0,0,0,0]},"inputSourceMap":{"version":3,"sources":["users.js"],"names":["Schema","mongoose","bcrypt","require","UserSchema","userName","type","required","min","max","userEmail","userPassword","userRole","CreatedDate","Date","now","UpdatedDate","pre","next","genSalt","salt","hash","User","model","module","exports"],"mappings":";;AACA;;;;;;;;AACA,IAAMA,MAAM,GAAGC,qBAASD,MAAxB;;AACA,IAAME,MAAM,GAAGC,OAAO,CAAC,QAAD,CAAtB;;AAEA,IAAMC,UAAU,GAAG,IAAIJ,MAAJ,CAAW;AAC1BK,EAAAA,QAAQ,EAAC;AACLC,IAAAA,IAAI,EAAE,QADD;AAELC,IAAAA,QAAQ,EAAE,IAFL;AAGLC,IAAAA,GAAG,EAAC,CAHC;AAILC,IAAAA,GAAG,EAAE;AAJA,GADiB;AAQ1BC,EAAAA,SAAS,EAAC;AACNJ,IAAAA,IAAI,EAAE,QADA;AAENC,IAAAA,QAAQ,EAAE,IAFJ;AAGNC,IAAAA,GAAG,EAAC,EAHE;AAINC,IAAAA,GAAG,EAAE;AAJC,GARgB;AAe1BE,EAAAA,YAAY,EAAC;AACTL,IAAAA,IAAI,EAAE,QADG;AAETC,IAAAA,QAAQ,EAAE,IAFD;AAGTC,IAAAA,GAAG,EAAC,CAHK;AAITC,IAAAA,GAAG,EAAC;AAJK,GAfa;AAqB1BG,EAAAA,QAAQ,EAAE;AACNN,IAAAA,IAAI,EAAE,QADA;AAEN,eAAQ;AAFF,GArBgB;AAyB1BO,EAAAA,WAAW,EAAC;AACRP,IAAAA,IAAI,EAAE,MADE;AAER,eAASQ,IAAI,CAACC,GAAL;AAFD,GAzBc;AA6B1BC,EAAAA,WAAW,EAAC;AACRV,IAAAA,IAAI,EAAE,MADE;AAER,eAASQ,IAAI,CAACC,GAAL;AAFD;AA7Bc,CAAX,CAAnB;AAmCAX,UAAU,CAACa,GAAX,CAAe,MAAf;AAAA,qEAAuB,iBAAeC,IAAf;AAAA;AAAA;AAAA;AAAA;AAAA;AAAA;AAAA,mBACJhB,MAAM,CAACiB,OAAP,CAAe,EAAf,CADI;;AAAA;AACjBC,YAAAA,IADiB;AAAA;AAAA,mBAEGlB,MAAM,CAACmB,IAAP,CAAY,KAAKV,YAAjB,EAA8BS,IAA9B,CAFH;;AAAA;AAEvB,iBAAKT,YAFkB;AAGvBO,YAAAA,IAAI;;AAHmB;AAAA;AAAA;AAAA;AAAA;AAAA;AAAA,GAAvB;;AAAA;AAAA;AAAA;AAAA;;AASA,IAAMI,IAAI,GAAIrB,qBAASsB,KAAT,CAAe,MAAf,EAAwBnB,UAAxB,CAAd;;AAEAoB,MAAM,CAACC,OAAP,GAAiBH,IAAjB","sourceRoot":"C:\\Users\\user\\Desktop\\server2\\server\\src\\models\\","sourcesContent":["// const mongoose = require(\"mongoose\")\r\nimport mongoose from 'mongoose';\r\nconst Schema = mongoose.Schema;\r\nconst bcrypt = require('bcrypt')\r\n\r\nconst UserSchema = new Schema({\r\n    userName:{\r\n        type: 'string',\r\n        required: true,\r\n        min:6,\r\n        max: 60\r\n\r\n    },\r\n    userEmail:{\r\n        type: 'string',\r\n        required: true,\r\n        min:50,\r\n        max: 300\r\n\r\n    },\r\n    userPassword:{\r\n        type: 'string',\r\n        required: true,\r\n        min:6,\r\n        max:12\r\n    },\r\n    userRole: {\r\n        type: 'string',\r\n        default:\"user\"\r\n    },\r\n    CreatedDate:{\r\n        type: 'date',\r\n        default: Date.now()\r\n    },\r\n    UpdatedDate:{\r\n        type: 'date',\r\n        default: Date.now()\r\n    }\r\n});\r\n\r\nUserSchema.pre('save', async function(next){\r\nconst salt = await bcrypt.genSalt(10);\r\nthis.userPassword = await bcrypt.hash(this.userPassword,salt)\r\nnext()\r\n});\r\n\r\n\r\n\r\n\r\nconst User =  mongoose.model('User' , UserSchema)\r\n\r\nmodule.exports = User;"]},"_coverageSchema":"1a1c01bbd47fc00a2c39e90264f33305004495a9","hash":"eb19f9294b0801d6e175bbbe113ef99b48006b3a","contentHash":"87c61ab67cb6df36d89001e5ddc645be89c5cadbe7e30f70e64d5d3ba5c439e6"},"C:\\Users\\user\\Desktop\\server2\\server\\src\\middleware\\authenticator.js":{"path":"C:\\Users\\user\\Desktop\\server2\\server\\src\\middleware\\authenticator.js","statementMap":{"0":{"start":{"line":3,"column":20},"end":{"line":3,"column":67}},"1":{"start":{"line":5,"column":39},"end":{"line":5,"column":95}},"2":{"start":{"line":8,"column":0},"end":{"line":23,"column":2}},"3":{"start":{"line":9,"column":14},"end":{"line":9,"column":42}},"4":{"start":{"line":11,"column":2},"end":{"line":22,"column":3}},"5":{"start":{"line":12,"column":4},"end":{"line":12,"column":75}},"6":{"start":{"line":14,"column":4},"end":{"line":21,"column":5}},"7":{"start":{"line":15,"column":23},"end":{"line":15,"column":87}},"8":{"start":{"line":17,"column":6},"end":{"line":17,"column":28}},"9":{"start":{"line":18,"column":6},"end":{"line":18,"column":13}},"10":{"start":{"line":20,"column":6},"end":{"line":20,"column":45}}},"fnMap":{"0":{"name":"_interopRequireDefault","decl":{"start":{"line":5,"column":9},"end":{"line":5,"column":31}},"loc":{"start":{"line":5,"column":37},"end":{"line":5,"column":97}},"line":5},"1":{"name":"(anonymous_1)","decl":{"start":{"line":8,"column":17},"end":{"line":8,"column":18}},"loc":{"start":{"line":8,"column":43},"end":{"line":23,"column":1}},"line":8}},"branchMap":{"0":{"loc":{"start":{"line":5,"column":46},"end":{"line":5,"column":94}},"type":"cond-expr","locations":[{"start":{"line":5,"column":70},"end":{"line":5,"column":73}},{"start":{"line":5,"column":76},"end":{"line":5,"column":94}}],"line":5},"1":{"loc":{"start":{"line":5,"column":46},"end":{"line":5,"column":67}},"type":"binary-expr","locations":[{"start":{"line":5,"column":46},"end":{"line":5,"column":49}},{"start":{"line":5,"column":53},"end":{"line":5,"column":67}}],"line":5},"2":{"loc":{"start":{"line":11,"column":2},"end":{"line":22,"column":3}},"type":"if","locations":[{"start":{"line":11,"column":2},"end":{"line":22,"column":3}},{"start":{"line":11,"column":2},"end":{"line":22,"column":3}}],"line":11}},"s":{"0":1,"1":1,"2":1,"3":8,"4":8,"5":1,"6":7,"7":7,"8":6,"9":6,"10":1},"f":{"0":1,"1":8},"b":{"0":[0,1],"1":[1,1],"2":[1,7]},"inputSourceMap":{"version":3,"sources":["authenticator.js"],"names":["module","exports","req","res","next","token","header","status","send","authorized","jwt","verify","process","env","TOKEN_SECRET","user","error"],"mappings":";;AACA;;;;AADA;AAGAA,MAAM,CAACC,OAAP,GAAiB,UAAUC,GAAV,EAAeC,GAAf,EAAoBC,IAApB,EAA0B;AACzC,MAAMC,KAAK,GAAGH,GAAG,CAACI,MAAJ,CAAW,gBAAX,CAAd;;AACA,MAAI,CAACD,KAAL,EAAY;AACV,WAAOF,GAAG,CAACI,MAAJ,CAAW,GAAX,EAAgBC,IAAhB,CAAqB,yCAArB,CAAP;AACD,GAFD,MAEO;AACL,QAAI;AACF,UAAMC,UAAU,GAAGC,yBAAIC,MAAJ,CAAWN,KAAX,EAAkBO,OAAO,CAACC,GAAR,CAAYC,YAA9B,CAAnB;;AACAZ,MAAAA,GAAG,CAACa,IAAJ,GAAWN,UAAX;AACAL,MAAAA,IAAI;AACL,KAJD,CAIE,OAAOY,KAAP,EAAc;AACdb,MAAAA,GAAG,CAACI,MAAJ,CAAW,GAAX,EAAgBC,IAAhB,CAAqB,gBAArB;AACD;AACF;AACF,CAbD","sourceRoot":"C:\\Users\\user\\Desktop\\server2\\server\\src\\middleware\\","sourcesContent":["//const jwt = require(\"jsonwebtoken\");\r\nimport jwt from \"jsonwebtoken\";\r\n\r\nmodule.exports = function (req, res, next) {\r\n  const token = req.header(\"authantication\");\r\n  if (!token) {\r\n    return res.status(401).send(\"You are not allowed to access this page\");\r\n  } else {\r\n    try {\r\n      const authorized = jwt.verify(token, process.env.TOKEN_SECRET);\r\n      req.user = authorized;\r\n      next();\r\n    } catch (error) {\r\n      res.status(400).send(\"invalide token\");\r\n    }\r\n  }\r\n};\r\n"]},"_coverageSchema":"1a1c01bbd47fc00a2c39e90264f33305004495a9","hash":"f7bd066a68c15a8578f41557c0ff229a3722faf1","contentHash":"f9481d4e0507132e878186c7bf78a64c6982a4c16728b640c9312e3489425f2a"},"C:\\Users\\user\\Desktop\\server2\\server\\src\\routes\\usersRoute.js":{"path":"C:\\Users\\user\\Desktop\\server2\\server\\src\\routes\\usersRoute.js","statementMap":{"0":{"start":{"line":3,"column":15},"end":{"line":3,"column":57}},"1":{"start":{"line":5,"column":23},"end":{"line":5,"column":87}},"2":{"start":{"line":7,"column":21},"end":{"line":7,"column":83}},"3":{"start":{"line":9,"column":39},"end":{"line":9,"column":95}},"4":{"start":{"line":14,"column":13},"end":{"line":14,"column":41}},"5":{"start":{"line":16,"column":0},"end":{"line":16,"column":70}},"6":{"start":{"line":17,"column":0},"end":{"line":17,"column":89}},"7":{"start":{"line":18,"column":0},"end":{"line":18,"column":62}},"8":{"start":{"line":19,"column":0},"end":{"line":19,"column":24}}},"fnMap":{"0":{"name":"_interopRequireDefault","decl":{"start":{"line":9,"column":9},"end":{"line":9,"column":31}},"loc":{"start":{"line":9,"column":37},"end":{"line":9,"column":97}},"line":9}},"branchMap":{"0":{"loc":{"start":{"line":9,"column":46},"end":{"line":9,"column":94}},"type":"cond-expr","locations":[{"start":{"line":9,"column":70},"end":{"line":9,"column":73}},{"start":{"line":9,"column":76},"end":{"line":9,"column":94}}],"line":9},"1":{"loc":{"start":{"line":9,"column":46},"end":{"line":9,"column":67}},"type":"binary-expr","locations":[{"start":{"line":9,"column":46},"end":{"line":9,"column":49}},{"start":{"line":9,"column":53},"end":{"line":9,"column":67}}],"line":9}},"s":{"0":1,"1":1,"2":1,"3":3,"4":1,"5":1,"6":1,"7":1,"8":1},"f":{"0":3},"b":{"0":[1,2],"1":[3,3]},"inputSourceMap":{"version":3,"sources":["usersRoute.js"],"names":["router","express","Router","post","UserController","createUser","get","verify","findAllUsers","login","module","exports"],"mappings":";;AAIA;;AACA;;AACA;;;;AANA;AACA;AACA;AAKA,IAAMA,MAAM,GAAGC,oBAAQC,MAAR,EAAf;;AAEAF,MAAM,CAACG,IAAP,CAAY,gBAAZ,EAA8BC,4BAAeC,UAA7C;AACAL,MAAM,CAACM,GAAP,CAAW,OAAX,EAAmBC,yBAAnB,EAA0BH,4BAAeI,YAAzC;AACAR,MAAM,CAACG,IAAP,CAAY,aAAZ,EAA0BC,4BAAeK,KAAzC;AAEAC,MAAM,CAACC,OAAP,GAAiBX,MAAjB","sourceRoot":"C:\\Users\\user\\Desktop\\server2\\server\\src\\routes\\","sourcesContent":["// const userController = require(\"../controller/usersController\")\r\n// const verify = require(\"../middleware/authenticator\")\r\n// const express = require(\"express\");\r\n\r\nimport express from \"express\";\r\nimport UserController from \"../controller/usersController\";\r\nimport verify from \"../middleware/authenticator\"\r\nconst router = express.Router();\r\n\r\nrouter.post(\"/user/register\", UserController.createUser)\r\nrouter.get(\"/user\",verify,UserController.findAllUsers)\r\nrouter.post(\"/user/login\",UserController.login)\r\n\r\nmodule.exports = router;"]},"_coverageSchema":"1a1c01bbd47fc00a2c39e90264f33305004495a9","hash":"00382f472792f49959a1f5885d5ef08d9e80d1a1","contentHash":"2bc1ae21dce1695f168556e7bc00d23d2e5f6c2776f879645224b2814e42d7be"},"C:\\Users\\user\\Desktop\\server2\\server\\src\\controller\\usersController.js":{"path":"C:\\Users\\user\\Desktop\\server2\\server\\src\\controller\\usersController.js","statementMap":{"0":{"start":{"line":3,"column":0},"end":{"line":5,"column":3}},"1":{"start":{"line":6,"column":0},"end":{"line":6,"column":28}},"2":{"start":{"line":8,"column":13},"end":{"line":8,"column":63}},"3":{"start":{"line":10,"column":20},"end":{"line":10,"column":67}},"4":{"start":{"line":12,"column":14},"end":{"line":12,"column":55}},"5":{"start":{"line":14,"column":23},"end":{"line":14,"column":63}},"6":{"start":{"line":16,"column":39},"end":{"line":16,"column":95}},"7":{"start":{"line":18,"column":77},"end":{"line":18,"column":175}},"8":{"start":{"line":18,"column":94},"end":{"line":18,"column":107}},"9":{"start":{"line":18,"column":121},"end":{"line":18,"column":131}},"10":{"start":{"line":18,"column":151},"end":{"line":18,"column":165}},"11":{"start":{"line":18,"column":166},"end":{"line":18,"column":173}},"12":{"start":{"line":18,"column":176},"end":{"line":18,"column":263}},"13":{"start":{"line":18,"column":193},"end":{"line":18,"column":208}},"14":{"start":{"line":18,"column":218},"end":{"line":18,"column":261}},"15":{"start":{"line":20,"column":33},"end":{"line":20,"column":387}},"16":{"start":{"line":20,"column":65},"end":{"line":20,"column":69}},"17":{"start":{"line":20,"column":78},"end":{"line":20,"column":87}},"18":{"start":{"line":20,"column":89},"end":{"line":20,"column":384}},"19":{"start":{"line":20,"column":147},"end":{"line":20,"column":167}},"20":{"start":{"line":20,"column":193},"end":{"line":20,"column":264}},"21":{"start":{"line":20,"column":290},"end":{"line":20,"column":360}},"22":{"start":{"line":20,"column":363},"end":{"line":20,"column":380}},"23":{"start":{"line":22,"column":44},"end":{"line":22,"column":315}},"24":{"start":{"line":22,"column":57},"end":{"line":22,"column":58}},"25":{"start":{"line":22,"column":102},"end":{"line":22,"column":110}},"26":{"start":{"line":22,"column":112},"end":{"line":22,"column":167}},"27":{"start":{"line":22,"column":168},"end":{"line":22,"column":199}},"28":{"start":{"line":22,"column":200},"end":{"line":22,"column":254}},"29":{"start":{"line":22,"column":227},"end":{"line":22,"column":254}},"30":{"start":{"line":22,"column":255},"end":{"line":22,"column":313}},"31":{"start":{"line":24,"column":62},"end":{"line":24,"column":131}},"32":{"start":{"line":24,"column":78},"end":{"line":24,"column":131}},"33":{"start":{"line":24,"column":132},"end":{"line":24,"column":193}},"34":{"start":{"line":24,"column":149},"end":{"line":24,"column":193}},"35":{"start":{"line":24,"column":194},"end":{"line":24,"column":263}},"36":{"start":{"line":24,"column":264},"end":{"line":24,"column":283}},"37":{"start":{"line":26,"column":50},"end":{"line":26,"column":151}},"38":{"start":{"line":26,"column":92},"end":{"line":26,"column":149}},"39":{"start":{"line":28,"column":44},"end":{"line":28,"column":195}},"40":{"start":{"line":28,"column":62},"end":{"line":28,"column":166}},"41":{"start":{"line":28,"column":176},"end":{"line":28,"column":193}},"42":{"start":{"line":28,"column":196},"end":{"line":28,"column":207}},"43":{"start":{"line":30,"column":34},"end":{"line":32,"column":2}},"44":{"start":{"line":31,"column":2},"end":{"line":31,"column":40}},"45":{"start":{"line":34,"column":0},"end":{"line":111,"column":5}},"46":{"start":{"line":35,"column":13},"end":{"line":106,"column":5}},"47":{"start":{"line":38,"column":4},"end":{"line":105,"column":33}},"48":{"start":{"line":39,"column":6},"end":{"line":104,"column":7}},"49":{"start":{"line":40,"column":8},"end":{"line":103,"column":9}},"50":{"start":{"line":42,"column":12},"end":{"line":42,"column":117}},"51":{"start":{"line":44,"column":12},"end":{"line":47,"column":13}},"52":{"start":{"line":45,"column":14},"end":{"line":45,"column":32}},"53":{"start":{"line":46,"column":14},"end":{"line":46,"column":20}},"54":{"start":{"line":49,"column":12},"end":{"line":49,"column":59}},"55":{"start":{"line":50,"column":12},"end":{"line":50,"column":31}},"56":{"start":{"line":51,"column":12},"end":{"line":51,"column":18}},"57":{"start":{"line":54,"column":12},"end":{"line":58,"column":15}},"58":{"start":{"line":59,"column":12},"end":{"line":59,"column":30}},"59":{"start":{"line":60,"column":12},"end":{"line":62,"column":15}},"60":{"start":{"line":65,"column":12},"end":{"line":65,"column":44}},"61":{"start":{"line":66,"column":12},"end":{"line":66,"column":30}},"62":{"start":{"line":68,"column":12},"end":{"line":71,"column":13}},"63":{"start":{"line":69,"column":14},"end":{"line":69,"column":33}},"64":{"start":{"line":70,"column":14},"end":{"line":70,"column":20}},"65":{"start":{"line":73,"column":12},"end":{"line":75,"column":15}},"66":{"start":{"line":76,"column":12},"end":{"line":76,"column":31}},"67":{"start":{"line":77,"column":12},"end":{"line":77,"column":18}},"68":{"start":{"line":80,"column":12},"end":{"line":80,"column":31}},"69":{"start":{"line":81,"column":12},"end":{"line":81,"column":31}},"70":{"start":{"line":84,"column":12},"end":{"line":86,"column":15}},"71":{"start":{"line":89,"column":12},"end":{"line":89,"column":31}},"72":{"start":{"line":90,"column":12},"end":{"line":90,"column":18}},"73":{"start":{"line":93,"column":12},"end":{"line":93,"column":31}},"74":{"start":{"line":94,"column":12},"end":{"line":94,"column":47}},"75":{"start":{"line":95,"column":12},"end":{"line":98,"column":15}},"76":{"start":{"line":102,"column":12},"end":{"line":102,"column":35}},"77":{"start":{"line":108,"column":2},"end":{"line":110,"column":4}},"78":{"start":{"line":109,"column":4},"end":{"line":109,"column":39}},"79":{"start":{"line":113,"column":0},"end":{"line":216,"column":5}},"80":{"start":{"line":114,"column":14},"end":{"line":211,"column":5}},"81":{"start":{"line":117,"column":4},"end":{"line":210,"column":34}},"82":{"start":{"line":118,"column":6},"end":{"line":209,"column":7}},"83":{"start":{"line":119,"column":8},"end":{"line":208,"column":9}},"84":{"start":{"line":121,"column":12},"end":{"line":121,"column":111}},"85":{"start":{"line":123,"column":12},"end":{"line":126,"column":13}},"86":{"start":{"line":124,"column":14},"end":{"line":124,"column":33}},"87":{"start":{"line":125,"column":14},"end":{"line":125,"column":20}},"88":{"start":{"line":128,"column":12},"end":{"line":128,"column":94}},"89":{"start":{"line":131,"column":12},"end":{"line":131,"column":39}},"90":{"start":{"line":132,"column":12},"end":{"line":132,"column":31}},"91":{"start":{"line":133,"column":12},"end":{"line":135,"column":15}},"92":{"start":{"line":138,"column":12},"end":{"line":138,"column":34}},"93":{"start":{"line":140,"column":12},"end":{"line":143,"column":13}},"94":{"start":{"line":141,"column":14},"end":{"line":141,"column":33}},"95":{"start":{"line":142,"column":14},"end":{"line":142,"column":20}},"96":{"start":{"line":145,"column":12},"end":{"line":147,"column":16}},"97":{"start":{"line":150,"column":12},"end":{"line":150,"column":31}},"98":{"start":{"line":151,"column":12},"end":{"line":151,"column":45}},"99":{"start":{"line":152,"column":12},"end":{"line":152,"column":32}},"100":{"start":{"line":153,"column":12},"end":{"line":153,"column":83}},"101":{"start":{"line":156,"column":12},"end":{"line":159,"column":13}},"102":{"start":{"line":157,"column":14},"end":{"line":157,"column":34}},"103":{"start":{"line":158,"column":14},"end":{"line":158,"column":20}},"104":{"start":{"line":161,"column":12},"end":{"line":163,"column":41}},"105":{"start":{"line":164,"column":12},"end":{"line":164,"column":37}},"106":{"start":{"line":166,"column":12},"end":{"line":169,"column":13}},"107":{"start":{"line":167,"column":14},"end":{"line":167,"column":34}},"108":{"start":{"line":168,"column":14},"end":{"line":168,"column":20}},"109":{"start":{"line":171,"column":12},"end":{"line":174,"column":16}},"110":{"start":{"line":177,"column":12},"end":{"line":180,"column":13}},"111":{"start":{"line":178,"column":14},"end":{"line":178,"column":34}},"112":{"start":{"line":179,"column":14},"end":{"line":179,"column":20}},"113":{"start":{"line":182,"column":12},"end":{"line":185,"column":16}},"114":{"start":{"line":188,"column":12},"end":{"line":188,"column":32}},"115":{"start":{"line":189,"column":12},"end":{"line":189,"column":18}},"116":{"start":{"line":192,"column":12},"end":{"line":194,"column":15}},"117":{"start":{"line":197,"column":12},"end":{"line":197,"column":32}},"118":{"start":{"line":198,"column":12},"end":{"line":198,"column":18}},"119":{"start":{"line":201,"column":12},"end":{"line":201,"column":32}},"120":{"start":{"line":202,"column":12},"end":{"line":202,"column":49}},"121":{"start":{"line":203,"column":12},"end":{"line":203,"column":47}},"122":{"start":{"line":207,"column":12},"end":{"line":207,"column":36}},"123":{"start":{"line":213,"column":2},"end":{"line":215,"column":4}},"124":{"start":{"line":214,"column":4},"end":{"line":214,"column":40}},"125":{"start":{"line":218,"column":0},"end":{"line":261,"column":5}},"126":{"start":{"line":219,"column":14},"end":{"line":256,"column":5}},"127":{"start":{"line":221,"column":4},"end":{"line":255,"column":17}},"128":{"start":{"line":222,"column":6},"end":{"line":254,"column":7}},"129":{"start":{"line":223,"column":8},"end":{"line":253,"column":9}},"130":{"start":{"line":225,"column":12},"end":{"line":225,"column":33}},"131":{"start":{"line":226,"column":12},"end":{"line":226,"column":31}},"132":{"start":{"line":227,"column":12},"end":{"line":227,"column":54}},"133":{"start":{"line":230,"column":12},"end":{"line":230,"column":40}},"134":{"start":{"line":231,"column":12},"end":{"line":231,"column":43}},"135":{"start":{"line":233,"column":12},"end":{"line":236,"column":13}},"136":{"start":{"line":234,"column":14},"end":{"line":234,"column":33}},"137":{"start":{"line":235,"column":14},"end":{"line":235,"column":20}},"138":{"start":{"line":238,"column":12},"end":{"line":240,"column":16}},"139":{"start":{"line":243,"column":12},"end":{"line":243,"column":31}},"140":{"start":{"line":244,"column":12},"end":{"line":244,"column":44}},"141":{"start":{"line":247,"column":12},"end":{"line":247,"column":34}},"142":{"start":{"line":248,"column":12},"end":{"line":248,"column":27}},"143":{"start":{"line":252,"column":12},"end":{"line":252,"column":36}},"144":{"start":{"line":258,"column":2},"end":{"line":260,"column":4}},"145":{"start":{"line":259,"column":4},"end":{"line":259,"column":40}},"146":{"start":{"line":263,"column":15},"end":{"line":263,"column":29}},"147":{"start":{"line":264,"column":0},"end":{"line":264,"column":30}}},"fnMap":{"0":{"name":"_interopRequireDefault","decl":{"start":{"line":16,"column":9},"end":{"line":16,"column":31}},"loc":{"start":{"line":16,"column":37},"end":{"line":16,"column":97}},"line":16},"1":{"name":"asyncGeneratorStep","decl":{"start":{"line":18,"column":9},"end":{"line":18,"column":27}},"loc":{"start":{"line":18,"column":75},"end":{"line":18,"column":265}},"line":18},"2":{"name":"_asyncToGenerator","decl":{"start":{"line":20,"column":9},"end":{"line":20,"column":26}},"loc":{"start":{"line":20,"column":31},"end":{"line":20,"column":389}},"line":20},"3":{"name":"(anonymous_3)","decl":{"start":{"line":20,"column":40},"end":{"line":20,"column":41}},"loc":{"start":{"line":20,"column":52},"end":{"line":20,"column":386}},"line":20},"4":{"name":"(anonymous_4)","decl":{"start":{"line":20,"column":108},"end":{"line":20,"column":109}},"loc":{"start":{"line":20,"column":135},"end":{"line":20,"column":382}},"line":20},"5":{"name":"_next","decl":{"start":{"line":20,"column":178},"end":{"line":20,"column":183}},"loc":{"start":{"line":20,"column":191},"end":{"line":20,"column":266}},"line":20},"6":{"name":"_throw","decl":{"start":{"line":20,"column":276},"end":{"line":20,"column":282}},"loc":{"start":{"line":20,"column":288},"end":{"line":20,"column":362}},"line":20},"7":{"name":"_defineProperties","decl":{"start":{"line":22,"column":9},"end":{"line":22,"column":26}},"loc":{"start":{"line":22,"column":42},"end":{"line":22,"column":317}},"line":22},"8":{"name":"_createClass","decl":{"start":{"line":24,"column":9},"end":{"line":24,"column":21}},"loc":{"start":{"line":24,"column":60},"end":{"line":24,"column":285}},"line":24},"9":{"name":"_classCallCheck","decl":{"start":{"line":26,"column":9},"end":{"line":26,"column":24}},"loc":{"start":{"line":26,"column":48},"end":{"line":26,"column":153}},"line":26},"10":{"name":"_defineProperty","decl":{"start":{"line":28,"column":9},"end":{"line":28,"column":24}},"loc":{"start":{"line":28,"column":42},"end":{"line":28,"column":209}},"line":28},"11":{"name":"UserController","decl":{"start":{"line":30,"column":56},"end":{"line":30,"column":70}},"loc":{"start":{"line":30,"column":73},"end":{"line":32,"column":1}},"line":30},"12":{"name":"(anonymous_12)","decl":{"start":{"line":34,"column":59},"end":{"line":34,"column":60}},"loc":{"start":{"line":34,"column":71},"end":{"line":111,"column":1}},"line":34},"13":{"name":"_callee","decl":{"start":{"line":35,"column":78},"end":{"line":35,"column":85}},"loc":{"start":{"line":35,"column":96},"end":{"line":106,"column":3}},"line":35},"14":{"name":"_callee$","decl":{"start":{"line":38,"column":44},"end":{"line":38,"column":52}},"loc":{"start":{"line":38,"column":63},"end":{"line":105,"column":5}},"line":38},"15":{"name":"(anonymous_15)","decl":{"start":{"line":108,"column":9},"end":{"line":108,"column":10}},"loc":{"start":{"line":108,"column":28},"end":{"line":110,"column":3}},"line":108},"16":{"name":"(anonymous_16)","decl":{"start":{"line":113,"column":54},"end":{"line":113,"column":55}},"loc":{"start":{"line":113,"column":66},"end":{"line":216,"column":1}},"line":113},"17":{"name":"_callee2","decl":{"start":{"line":114,"column":79},"end":{"line":114,"column":87}},"loc":{"start":{"line":114,"column":98},"end":{"line":211,"column":3}},"line":114},"18":{"name":"_callee2$","decl":{"start":{"line":117,"column":44},"end":{"line":117,"column":53}},"loc":{"start":{"line":117,"column":65},"end":{"line":210,"column":5}},"line":117},"19":{"name":"(anonymous_19)","decl":{"start":{"line":213,"column":9},"end":{"line":213,"column":10}},"loc":{"start":{"line":213,"column":29},"end":{"line":215,"column":3}},"line":213},"20":{"name":"(anonymous_20)","decl":{"start":{"line":218,"column":61},"end":{"line":218,"column":62}},"loc":{"start":{"line":218,"column":73},"end":{"line":261,"column":1}},"line":218},"21":{"name":"_callee3","decl":{"start":{"line":219,"column":79},"end":{"line":219,"column":87}},"loc":{"start":{"line":219,"column":98},"end":{"line":256,"column":3}},"line":219},"22":{"name":"_callee3$","decl":{"start":{"line":221,"column":44},"end":{"line":221,"column":53}},"loc":{"start":{"line":221,"column":65},"end":{"line":255,"column":5}},"line":221},"23":{"name":"(anonymous_23)","decl":{"start":{"line":258,"column":9},"end":{"line":258,"column":10}},"loc":{"start":{"line":258,"column":29},"end":{"line":260,"column":3}},"line":258}},"branchMap":{"0":{"loc":{"start":{"line":16,"column":46},"end":{"line":16,"column":94}},"type":"cond-expr","locations":[{"start":{"line":16,"column":70},"end":{"line":16,"column":73}},{"start":{"line":16,"column":76},"end":{"line":16,"column":94}}],"line":16},"1":{"loc":{"start":{"line":16,"column":46},"end":{"line":16,"column":67}},"type":"binary-expr","locations":[{"start":{"line":16,"column":46},"end":{"line":16,"column":49}},{"start":{"line":16,"column":53},"end":{"line":16,"column":67}}],"line":16},"2":{"loc":{"start":{"line":18,"column":176},"end":{"line":18,"column":263}},"type":"if","locations":[{"start":{"line":18,"column":176},"end":{"line":18,"column":263}},{"start":{"line":18,"co
[...]
"column":12},"end":{"line":424,"column":13}}],"line":421}},"s":{"0":1,"1":1,"2":1,"3":1,"4":1,"5":2,"6":7,"7":7,"8":7,"9":0,"10":0,"11":7,"12":3,"13":4,"14":7,"15":3,"16":3,"17":3,"18":3,"19":7,"20":0,"21":3,"22":0,"23":0,"24":0,"25":0,"26":0,"27":0,"28":0,"29":0,"30":1,"31":0,"32":1,"33":0,"34":1,"35":1,"36":0,"37":0,"38":7,"39":0,"40":7,"41":7,"42":1,"43":0,"44":1,"45":1,"46":1,"47":3,"48":6,"49":1,"50":1,"51":1,"52":0,"53":1,"54":1,"55":1,"56":1,"57":1,"58":1,"59":1,"60":1,"61":0,"62":1,"63":1,"64":1,"65":1,"66":0,"67":0,"68":0,"69":1,"70":1,"71":1,"72":1,"73":1,"74":1,"75":1,"76":1,"77":1,"78":1,"79":2,"80":2,"81":1,"82":1,"83":1,"84":1,"85":1,"86":1,"87":1,"88":1,"89":1,"90":1,"91":2,"92":2,"93":1,"94":1,"95":1,"96":1,"97":1,"98":1,"99":1,"100":1,"101":1,"102":0,"103":0,"104":0,"105":0,"106":0,"107":0,"108":0,"109":0,"110":0,"111":0,"112":0,"113":0,"114":0,"115":0,"116":0,"117":0,"118":0,"119":0,"120":0,"121":0,"122":0,"123":0,"124":0,"125":0,"126":0,"127":0,"128":0,"129":0,"130":0,"131":0,"132":0,"133":1,"134":0,"135":1,"136":1,"137":0,"138":0,"139":0,"140":0,"141":0,"142":0,"143":0,"144":0,"145":0,"146":0,"147":0,"148":0,"149":0,"150":0,"151":0,"152":0,"153":0,"154":0,"155":0,"156":0,"157":0,"158":0,"159":0,"160":0,"161":0,"162":0,"163":0,"164":0,"165":0,"166":0,"167":0,"168":0,"169":1,"170":0,"171":1,"172":1,"173":0,"174":0,"175":0,"176":0,"177":0,"178":0,"179":0,"180":0,"181":0,"182":0,"183":0,"184":0,"185":0,"186":0,"187":0,"188":0,"189":0,"190":0,"191":0,"192":0,"193":0,"194":0,"195":0,"196":0,"197":0,"198":0,"199":0,"200":0,"201":0,"202":0,"203":0,"204":1,"205":0,"206":1,"207":1,"208":0,"209":0,"210":0,"211":0,"212":0,"213":0,"214":0,"215":0,"216":0,"217":0,"218":0,"219":0,"220":0,"221":0,"222":0,"223":0,"224":0,"225":0,"226":0,"227":0,"228":0,"229":0,"230":0,"231":0,"232":0,"233":0,"234":0,"235":0,"236":0,"237":0,"238":0,"239":0,"240":0,"241":0,"242":0,"243":0,"244":0,"245":1,"246":0,"247":1,"248":1},"f":{"0":2,"1":7,"2":7,"3":3,"4":3,"5":7,"6":0,"7":0,"8":1,"9":0,"10":7,"11":0,"12":1,"13":1,"14":3,"15":1,"16":1,"17":1,"18":2,"19":1,"20":1,"21":1,"22":2,"23":1,"24":1,"25":0,"26":0,"27":0,"28":1,"29":0,"30":0,"31":0,"32":1,"33":0,"34":0,"35":0,"36":1,"37":0,"38":0,"39":0},"b":{"0":[0,2],"1":[2,2],"2":[3,4],"3":[0,0],"4":[0,0],"5":[0,1],"6":[0,1],"7":[0,0],"8":[0,7],"9":[1,1,1,1,1,1,1,1],"10":[1,0],"11":[1,0],"12":[1,0],"13":[1,1,1,1],"14":[1,1,1,1],"15":[0,0,0,0,0,0,0,0,0,0],"16":[0,0],"17":[0,0],"18":[0,0,0,0,0,0,0,0,0,0],"19":[0,0],"20":[0,0],"21":[0,0,0,0,0,0,0,0,0],"22":[0,0],"23":[0,0,0,0,0,0,0,0,0,0,0],"24":[0,0],"25":[0,0],"26":[0,0]},"inputSourceMap":{"version":3,"sources":["blogController.js"],"names":["BlogController","req","res","user","id","status","send","Message","userId","User","findById","loggedUser","userRole","body","error","details","message","articles","Article","title","trim","articleBody","ImageLink","save","params","json","find","findOne","remove","Object","assign","userName","newComment","USERNAME","COMMENT","comments","oldComments","Comments","push","oldLike","likes","i","length"],"mappings":";;;;;;;AAIA;;AACA;;AACA;;;;;;;;;;;;;;;;AAOA;IACMA,c;;;;gBAAAA,c;qEACmB,iBAAOC,GAAP,EAAYC,GAAZ;AAAA;;AAAA;AAAA;AAAA;AAAA;AAAA,gBAEhBD,GAAG,CAACE,IAAJ,CAASC,EAFO;AAAA;AAAA;AAAA;;AAAA,6CAGdF,GAAG,CAACG,MAAJ,CAAW,GAAX,EAAgBC,IAAhB,CAAqB;AAACC,cAAAA,OAAO,EAAC;AAAT,aAArB,CAHc;;AAAA;AAIjBC,YAAAA,MAJiB,GAIRP,GAAG,CAACE,IAAJ,CAASC,EAJD;AAAA;AAAA,mBAKIK,kBAAKC,QAAL,CAAcF,MAAd,CALJ;;AAAA;AAKfG,YAAAA,UALe;AAMfC,YAAAA,QANe,GAMJD,UAAU,CAACC,QANP;;AAAA,kBAQjBA,QAAQ,IAAI,MARK;AAAA;AAAA;AAAA;;AAAA,6CASZV,GAAG,CAACG,MAAJ,CAAW,GAAX,EAAgBC,IAAhB,CAAqB;AAACC,cAAAA,OAAO,EAAC;AAAT,aAArB,CATY;;AAAA;AAAA,iCAYH,uCAAkBN,GAAG,CAACY,IAAtB,CAZG,EAYbC,KAZa,sBAYbA,KAZa;;AAAA,iBAajBA,KAbiB;AAAA;AAAA;AAAA;;AAcnBZ,YAAAA,GAAG,CAACG,MAAJ,CAAW,GAAX,EAAgBC,IAAhB,CAAqB;AAACC,cAAAA,OAAO,EAACO,KAAK,CAACC,OAAN,CAAc,CAAd,EAAiBC;AAA1B,aAArB;AAdmB;AAAA;;AAAA;AAgBbC,YAAAA,QAhBa,GAgBF,IAAIC,gBAAJ,CAAY;AAC3BC,cAAAA,KAAK,EAAElB,GAAG,CAACY,IAAJ,CAASM,KAAT,CAAeC,IAAf,EADoB;AAE3BC,cAAAA,WAAW,EAAEpB,GAAG,CAACY,IAAJ,CAASQ,WAAT,CAAqBD,IAArB,EAFc;AAG3BE,cAAAA,SAAS,EAAErB,GAAG,CAACY,IAAJ,CAASS,SAAT,CAAmBF,IAAnB;AAHgB,aAAZ,CAhBE;AAAA;AAAA,mBAqBbH,QAAQ,CAACM,IAAT,EArBa;;AAAA;AAsBnBrB,YAAAA,GAAG,CAACG,MAAJ,CAAW,GAAX,EAAgBC,IAAhB,CAAqBW,QAArB;;AAtBmB;AAAA;AAAA;AAAA;AAAA;AAAA;AAAA,G;;;;;;;gBADnBjB,c;sEA2BsB,kBAAOC,GAAP,EAAYC,GAAZ;AAAA;AAAA;AAAA;AAAA;AAAA;AAAA;AAAA,mBACDgB,iBAAQR,QAAR,CAAiBT,GAAG,CAACuB,MAAJ,CAAWpB,EAA5B,CADC;;AAAA;AAClBa,YAAAA,QADkB;AAExBf,YAAAA,GAAG,CAACG,MAAJ,CAAW,GAAX,EAAgBoB,IAAhB,CAAqB;AAAET,cAAAA,OAAO,EAAE,uBAAX;AAAoCC,cAAAA,QAAQ,EAARA;AAApC,aAArB;;AAFwB;AAAA;AAAA;AAAA;AAAA;AAAA;AAAA,G;;;;;;;gBA3BtBjB,c;sEAiCqB,kBAAOC,GAAP,EAAYC,GAAZ;AAAA;AAAA;AAAA;AAAA;AAAA;AAAA;AAAA,mBACAgB,iBAAQQ,IAAR,EADA;;AAAA;AACjBT,YAAAA,QADiB;AAEvBf,YAAAA,GAAG,CAACI,IAAJ,CAASW,QAAT;;AAFuB;AAAA;AAAA;AAAA;AAAA;AAAA;AAAA,G;;;;;;;gBAjCrBjB,c;sEAwCmB,kBAAOC,GAAP,EAAYC,GAAZ;AAAA;AAAA;AAAA;AAAA;AAAA;AACrB;AACIM,YAAAA,MAFiB,GAERP,GAAG,CAACE,IAAJ,CAASC,EAFD;AAAA;AAAA,mBAGIK,kBAAKkB,OAAL,CAAa;AAACnB,cAAAA,MAAM,EAACA;AAAR,aAAb,CAHJ;;AAAA;AAGfG,YAAAA,UAHe;AAIfC,YAAAA,QAJe,GAIJD,UAAU,CAACC,QAJP;;AAAA,kBAKjBA,QAAQ,IAAI,MALK;AAAA;AAAA;AAAA;;AAAA,8CAMZV,GAAG,CAACG,MAAJ,CAAW,GAAX,EAAgBC,IAAhB,CAAqB;AAACC,cAAAA,OAAO,EAAC;AAAT,aAArB,CANY;;AAAA;AAAA;AAAA,mBAQEW,iBAAQR,QAAR,CAAiBT,GAAG,CAACuB,MAAJ,CAAWpB,EAA5B,CARF;;AAAA;AAQfa,YAAAA,QARe;AAAA;;AAAA,gBAUdA,QAVc;AAAA;AAAA;AAAA;;AAWjBf,YAAAA,GAAG,CAACG,MAAJ,CAAW,GAAX,EAAgBC,IAAhB,CAAqB;AAAEU,cAAAA,OAAO,EAAE;AAAX,aAArB;AAXiB;AAAA;;AAAA;AAAA;AAAA,mBAaXC,QAAQ,CAACW,MAAT,EAbW;;AAAA;AAcjB1B,YAAAA,GAAG,CAACG,MAAJ,CAAW,GAAX,EAAgBoB,IAAhB,CAAqB;AAAET,cAAAA,OAAO,EAAE;AAAX,aAArB;;AAdiB;AAAA;AAAA;;AAAA;AAAA;AAAA;AAiBnBd,YAAAA,GAAG,CAACI,IAAJ;;AAjBmB;AAAA;AAAA;AAAA;AAAA;AAAA;AAAA,G;;;;;;;gBAxCnBN,c;sEA+DmB,kBAAOC,GAAP,EAAYC,GAAZ;AAAA;AAAA;AAAA;AAAA;AAAA;AACrB;AACIM,YAAAA,MAFiB,GAERP,GAAG,CAACE,IAAJ,CAASC,EAFD;AAAA;AAAA,mBAGIK,kBAAKC,QAAL,CAAcF,MAAd,CAHJ;;AAAA;AAGfG,YAAAA,UAHe;AAIfC,YAAAA,QAJe,GAIJD,UAAU,CAACC,QAJP;;AAAA,kBAKjBA,QAAQ,IAAI,MALK;AAAA;AAAA;AAAA;;AAAA,8CAMZV,GAAG,CAACG,MAAJ,CAAW,GAAX,EAAgBC,IAAhB,CAAqB;AAACC,cAAAA,OAAO,EAAC;AAAT,aAArB,CANY;;AAAA;AAAA;AAAA,mBAQEW,iBAAQR,QAAR,CAAiBT,GAAG,CAACuB,MAAJ,CAAWpB,EAA5B,CARF;;AAAA;AAQfa,YAAAA,QARe;AAAA;;AAAA,gBAUdA,QAVc;AAAA;AAAA;AAAA;;AAWjBf,YAAAA,GAAG,CAACI,IAAJ,CAAS;AAAEU,cAAAA,OAAO,EAAE;AAAX,aAAT;AAXiB;AAAA;;AAAA;AAajBa,YAAAA,MAAM,CAACC,MAAP,CAAcb,QAAd,EAAwBhB,GAAG,CAACY,IAA5B;AAbiB;AAAA,mBAcXI,QAAQ,CAACM,IAAT,EAdW;;AAAA;AAejBrB,YAAAA,GAAG,CAACG,MAAJ,CAAW,GAAX,EAAgBoB,IAAhB,CAAqB;AAAET,cAAAA,OAAO,EAAE;AAAX,aAArB;;AAfiB;AAAA;AAAA;;AAAA;AAAA;AAAA;AAkBnBd,YAAAA,GAAG,CAACI,IAAJ;;AAlBmB;AAAA;AAAA;AAAA;AAAA;AAAA;AAAA,G;;;;;;;gBA/DnBN,c;sEAqFc,kBAAOC,GAAP,EAAYC,GAAZ;AAAA;AAAA;AAAA;AAAA;AAAA;AAAA;AAAA,mBACOgB,iBAAQR,QAAR,CAAiBT,GAAG,CAACuB,MAAJ,CAAWpB,EAA5B,CADP;;AAAA;AACVa,YAAAA,QADU;AAAA;;AAAA,gBAITA,QAJS;AAAA;AAAA;AAAA;;AAKZf,YAAAA,GAAG,CAACI,IAAJ,CAAS;AAAEU,cAAAA,OAAO,EAAE;AAAX,aAAT;AALY;AAAA;;AAAA;AAORR,YAAAA,MAPQ,GAOCP,GAAG,CAACE,IAAJ,CAASC,EAPV;AAAA;AAAA,mBAQaK,kBAAKC,QAAL,CAAcF,MAAd,CARb;;AAAA;AAQNG,YAAAA,UARM;AASNoB,YAAAA,QATM,GASKpB,UAAU,CAACoB,QAThB;AAWNC,YAAAA,UAXM,GAWO;AAAEC,cAAAA,QAAQ,EAAEF,QAAZ;AAAsBG,cAAAA,OAAO,EAAEjC,GAAG,CAACY,IAAJ,CAASsB;AAAxC,aAXP;AAYNC,YAAAA,WAZM,GAYQnB,QAAQ,CAACoB,QAZjB;AAaZD,YAAAA,WAAW,CAACE,IAAZ,CAAiBN,UAAjB;AAEAH,YAAAA,MAAM,CAACC,MAAP,CAAcb,QAAd,EAAwBmB,WAAxB;AAfY;AAAA,mBAgBNnB,QAAQ,CAACM,IAAT,EAhBM;;AAAA;AAiBZrB,YAAAA,GAAG,CAACG,MAAJ,CAAW,GAAX,EAAgBoB,IAAhB,CAAqBR,QAArB;;AAjBY;AAAA;AAAA;;AAAA;AAAA;AAAA;AAoBdf,YAAAA,GAAG,CAACI,IAAJ;;AApBc;AAAA;AAAA;AAAA;AAAA;AAAA;AAAA,G;;;;;;;gBArFdN,c;sEA6GW,kBAAOC,GAAP,EAAYC,GAAZ;AAAA;AAAA;AAAA;AAAA;AAAA;AAAA;AAAA,mBACUgB,iBAAQR,QAAR,CAAiBT,GAAG,CAACuB,MAAJ,CAAWpB,EAA5B,CADV;;AAAA;AACPa,YAAAA,QADO;AAAA;;AAAA,gBAINA,QAJM;AAAA;AAAA;AAAA;;AAKTf,YAAAA,GAAG,CAACI,IAAJ,CAAS;AAAEU,cAAAA,OAAO,EAAE;AAAX,aAAT;AALS;AAAA;;AAAA;AAOLR,YAAAA,MAPK,GAOIP,GAAG,CAACE,IAAJ,CAASC,EAPb;AAQLmC,YAAAA,OARK,GAQKtB,QAAQ,CAACuB,KARd;AASAC,YAAAA,CATA,GASI,CATJ;;AAAA;AAAA,kBASOA,CAAC,IAAIF,OAAO,CAACG,MATpB;AAAA;AAAA;AAAA;;AAAA,kBAUHlC,MAAM,IAAI+B,OAAO,CAACE,CAAD,CAVd;AAAA;AAAA;AAAA;;AAAA,8CAU0BvC,GAAG,CAACI,IAAJ,CAAS;AAACC,cAAAA,OAAO,EAAC;AAAT,aAAT,CAV1B;;AAAA;AAS4BkC,YAAAA,CAAC,EAT7B;AAAA;AAAA;;AAAA;AAaTF,YAAAA,OAAO,CAACD,IAAR,CAAa9B,MAAb;AACAqB,YAAAA,MAAM,CAACC,MAAP,CAAcb,QAAd,EAAwBsB,OAAxB;AAdS;AAAA,mBAeHtB,QAAQ,CAACM,IAAT,EAfG;;AAAA;AAgBTrB,YAAAA,GAAG,CAACG,MAAJ,CAAW,GAAX,EAAgBoB,IAAhB,CAAqBR,QAArB;;AAhBS;AAAA;AAAA;;AAAA;AAAA;AAAA;AAmBXf,YAAAA,GAAG,CAACI,IAAJ;;AAnBW;AAAA;AAAA;AAAA;AAAA;AAAA;AAAA,G;;;;;;;eAuBFN,c","sourceRoot":"C:\\Users\\user\\Desktop\\server2\\server\\src\\controller\\","sourcesContent":["// const Article = require(\"../models/blog\");\r\n// const { articleValidation } = require(\"../middleware/blogValidation\");\r\n// const User = require(\"../models/users\");\r\n// const { required } = require(\"@hapi/joi\");\r\nimport Article from \"../models/blog\";\r\nimport { articleValidation } from \"../middleware/blogValidation\";\r\nimport User from \"../models/users\";\r\n\r\n\r\n\r\n\r\n\r\n\r\n// Create article\r\nclass BlogController {\r\n  static createArticle = async (req, res) => {\r\n    //verify if users is admin\r\n    if (!req.user.id)\r\n    return res.status(400).send({Message:\"No user with such credentiols\"});\r\n    let userId = req.user.id;\r\n    const loggedUser = await User.findById(userId);\r\n    const userRole = loggedUser.userRole;\r\n\r\n    if (userRole == \"user\")\r\n      return res.status(401).send({Message:\"you are not allowed to access this page\"});\r\n\r\n\r\n    const { error } = articleValidation(req.body);\r\n    if (error) {\r\n      res.status(400).send({Message:error.details[0].message});\r\n    } else {\r\n      const articles = new Article({\r\n        title: req.body.title.trim(),\r\n        articleBody: req.body.articleBody.trim(),\r\n        ImageLink: req.body.ImageLink.trim(),\r\n      });\r\n      await articles.save();\r\n      res.status(200).send(articles);\r\n    }\r\n  };\r\n  // retrive single article\r\n  static getSingleArticle = async (req, res) => {\r\n    const articles = await Article.findById(req.params.id);\r\n    res.status(200).json({ message: \"liste of all articles\", articles });\r\n  };\r\n\r\n  //retrive liste of all articles\r\n  static getArticleListe = async (req, res) => {\r\n    const articles = await Article.find();\r\n    res.send(articles);\r\n  };\r\n\r\n  //Delete article\r\n\r\n  static deleteArticle = async (req, res) => {\r\n    //verify if users is admin\r\n    let userId = req.user.id;\r\n    const loggedUser = await User.findOne({userId:userId});\r\n    const userRole = loggedUser.userRole;\r\n    if (userRole == \"user\")\r\n      return res.status(401).send({Message:\"you are not allowed to access this page\"});\r\n\r\n    const articles = await Article.findById(req.params.id);\r\n    try {\r\n      if (!articles) {\r\n        res.status(404).send({ message: \"Article not found\" });\r\n      } else {\r\n        await articles.remove();\r\n        res.status(204).json({ message: \"articles was deleted succesfuly\" });\r\n      }\r\n    } catch (error) {\r\n      res.send(error);\r\n    }\r\n  };\r\n\r\n  //update article\r\n\r\n  static updateArticle = async (req, res) => {\r\n    //verify if users is admin\r\n    let userId = req.user.id;\r\n    const loggedUser = await User.findById(userId);\r\n    const userRole = loggedUser.userRole;\r\n    if (userRole == \"user\")\r\n      return res.status(401).send({Message:\"you are not allowed to access this page\"});\r\n\r\n    const articles = await Article.findById(req.params.id);\r\n    try {\r\n      if (!articles) {\r\n        res.send({ message: \"Article not found\" });\r\n      } else {\r\n        Object.assign(articles, req.body);\r\n        await articles.save();\r\n        res.status(200).json({ message: \"articles was update succesfuly\" });\r\n      }\r\n    } catch (error) {\r\n      res.send(error);\r\n    }\r\n  };\r\n\r\n  static comments = async (req, res) => {\r\n    const articles = await Article.findById(req.params.id);\r\n\r\n    try {\r\n      if (!articles) {\r\n        res.send({ message: \"Article not found\" });\r\n      } else {\r\n        let userId = req.user.id;\r\n        const loggedUser = await User.findById(userId);\r\n        const userName = loggedUser.userName;\r\n\r\n        const newComment = { USERNAME: userName, COMMENT: req.body.comments };\r\n        const oldComments = articles.Comments;\r\n        oldComments.push(newComment);\r\n\r\n        Object.assign(articles, oldComments);\r\n        await articles.save();\r\n        res.status(200).json(articles);\r\n      }\r\n    } catch (error) {\r\n      res.send(error);\r\n    }\r\n  };\r\n\r\n  static likes = async (req, res) => {\r\n    const articles = await Article.findById(req.params.id);\r\n\r\n    try {\r\n      if (!articles) {\r\n        res.send({ message: \"Article not found\" });\r\n      } else {\r\n        let userId = req.user.id;\r\n        let oldLike = articles.likes;\r\n        for (let i = 0; i <= oldLike.length; i++) {\r\n          if (userId == oldLike[i]) return res.send({Message:\"Already liked\"});\r\n        }\r\n\r\n        oldLike.push(userId);\r\n        Object.assign(articles, oldLike);\r\n        await articles.save();\r\n        res.status(200).json(articles);\r\n      }\r\n    } catch (error) {\r\n      res.send(error);\r\n    }\r\n  };\r\n}\r\nexport default BlogController;\r\n"]},"_coverageSchema":"1a1c01bbd47fc00a2c39e90264f33305004495a9","hash":"2d2f19065c3c6c31d2b7d44cc2de552090765516","contentHash":"419445c30a34c1e16112faac5a891f31823922f7fe61ed1d6c12316762452922"},"C:\\Users\\user\\Desktop\\server2\\server\\src\\models\\blog.js":{"path":"C:\\Users\\user\\Desktop\\server2\\server\\src\\models\\blog.js","statementMap":{"0":{"start":{"line":3,"column":16},"end":{"line":3,"column":59}},"1":{"start":{"line":5,"column":39},"end":{"line":5,"column":95}},"2":{"start":{"line":8,"column":13},"end":{"line":8,"column":40}},"3":{"start":{"line":9,"column":20},"end":{"line":33,"column":2}},"4":{"start":{"line":35,"column":14},"end":{"line":35,"column":66}},"5":{"start":{"line":37,"column":0},"end":{"line":37,"column":25}}},"fnMap":{"0":{"name":"_interopRequireDefault","decl":{"start":{"line":5,"column":9},"end":{"line":5,"column":31}},"loc":{"start":{"line":5,"column":37},"end":{"line":5,"column":97}},"line":5}},"branchMap":{"0":{"loc":{"start":{"line":5,"column":46},"end":{"line":5,"column":94}},"type":"cond-expr","locations":[{"start":{"line":5,"column":70},"end":{"line":5,"column":73}},{"start":{"line":5,"column":76},"end":{"line":5,"column":94}}],"line":5},"1":{"loc":{"start":{"line":5,"column":46},"end":{"line":5,"column":67}},"type":"binary-expr","locations":[{"start":{"line":5,"column":46},"end":{"line":5,"column":49}},{"start":{"line":5,"column":53},"end":{"line":5,"column":67}}],"line":5}},"s":{"0":1,"1":1,"2":1,"3":1,"4":1,"5":1},"f":{"0":1},"b":{"0":[0,1],"1":[1,1]},"inputSourceMap":{"version":3,"sources":["blog.js"],"names":["Schema","mongoose","ArticleSchema","title","type","required","min","max","articleBody","ImageLink","likes","Comments","createDate","Date","now","updateDate","Article","model","module","exports"],"mappings":";;AACA;;;;AADA;AAEA,IAAMA,MAAM,GAAGC,qBAASD,MAAxB;AAEA,IAAME,aAAa,GAAG,IAAIF,MAAJ,CAAW;AAC7BG,EAAAA,KAAK,EAAC;AACFC,IAAAA,IAAI,EAAE,QADJ;AAEFC,IAAAA,QAAQ,EAAE,IAFR;AAGFC,IAAAA,GAAG,EAAC,CAHF;AAIFC,IAAAA,GAAG,EAAE;AAJH,GADuB;AAQ7BC,EAAAA,WAAW,EAAC;AACRJ,IAAAA,IAAI,EAAE,QADE;AAERC,IAAAA,QAAQ,EAAE,IAFF;AAGRE,IAAAA,GAAG,EAAE;AAHG,GARiB;AAc7BE,EAAAA,SAAS,EAAC;AACNL,IAAAA,IAAI,EAAE;AADA,GAdmB;AAkB7BM,EAAAA,KAAK,EAAE,EAlBsB;AAoB7BC,EAAAA,QAAQ,EAAE,EApBmB;AAsB7BC,EAAAA,UAAU,EAAC;AACPR,IAAAA,IAAI,EAAE,MADC;AAEP,eAASS,IAAI,CAACC,GAAL;AAFF,GAtBkB;AA0B7BC,EAAAA,UAAU,EAAC;AACPX,IAAAA,IAAI,EAAE;AADC;AA1BkB,CAAX,CAAtB;;AA8BA,IAAMY,OAAO,GAAIf,qBAASgB,KAAT,CAAe,SAAf,EAA2Bf,aAA3B,CAAjB;;AAEAgB,MAAM,CAACC,OAAP,GAAiBH,OAAjB","sourceRoot":"C:\\Users\\user\\Desktop\\server2\\server\\src\\models\\","sourcesContent":["// const mongoose = require(\"mongoose\")\r\nimport mongoose from 'mongoose';\r\nconst Schema = mongoose.Schema;\r\n\r\nconst ArticleSchema = new Schema({\r\n    title:{\r\n        type: 'string',\r\n        required: true,\r\n        min:6,\r\n        max: 60\r\n\r\n    },\r\n    articleBody:{\r\n        type: 'string',\r\n        required: true,\r\n        max: 3000\r\n\r\n    },\r\n    ImageLink:{\r\n        type: 'string',\r\n        \r\n    },\r\n    likes: [],\r\n\r\n    Comments: [],\r\n    \r\n    createDate:{\r\n        type: 'date',\r\n        default: Date.now()\r\n    },\r\n    updateDate:{\r\n        type: 'date'\r\n    }\r\n});\r\nconst Article =  mongoose.model('Article' , ArticleSchema)\r\n\r\nmodule.exports = Article;"]},"_coverageSchema":"1a1c01bbd47fc00a2c39e90264f33305004495a9","hash":"6c1106de9330e5eed192d716222eaa95d94cdfaf","contentHash":"31529dc925b8736fd72901dc117e28ebb29a9c86f5017d1fa0b729febf15ab19"},"C:\\Users\\user\\Desktop\\server2\\server\\src\\middleware\\blogValidation.js":{"path":"C:\\Users\\user\\Desktop\\server2\\server\\src\\middleware\\blogValidation.js","statementMap":{"0":{"start":{"line":3,"column":11},"end":{"line":3,"column":55}},"1":{"start":{"line":5,"column":39},"end":{"line":5,"column":95}},"2":{"start":{"line":10,"column":24},"end":{"line":18,"column":1}},"3":{"start":{"line":11,"column":22},"end":{"line":15,"column":4}},"4":{"start":{"line":17,"column":2},"end":{"line":17,"column":58}},"5":{"start":{"line":20,"column":0},"end":{"line":20,"column":53}}},"fnMap":{"0":{"name":"_interopRequireDefault","decl":{"start":{"line":5,"column":9},"end":{"line":5,"column":31}},"loc":{"start":{"line":5,"column":37},"end":{"line":5,"column":97}},"line":5},"1":{"name":"articleValidation","decl":{"start":{"line":10,"column":33},"end":{"line":10,"column":50}},"loc":{"start":{"line":10,"column":60},"end":{"line":18,"column":1}},"line":10}},"branchMap":{"0":{"loc":{"start":{"line":5,"column":46},"end":{"line":5,"column":94}},"type":"cond-expr","locations":[{"start":{"line":5,"column":70},"end":{"line":5,"column":73}},{"start":{"line":5,"column":76},"end":{"line":5,"column":94}}],"line":5},"1":{"loc":{"start":{"line":5,"column":46},"end":{"line":5,"column":67}},"type":"binary-expr","locations":[{"start":{"line":5,"column":46},"end":{"line":5,"column":49}},{"start":{"line":5,"column":53},"end":{"line":5,"column":67}}],"line":5}},"s":{"0":1,"1":1,"2":1,"3":1,"4":1,"5":1},"f":{"0":1,"1":1},"b":{"0":[0,1],"1":[1,1]},"inputSourceMap":{"version":3,"sources":["blogValidation.js"],"names":["articleValidation","reqBody","articleSchema","joi","object","title","string","min","required","articleBody","ImageLink","validate","module","exports"],"mappings":";;AAEA;;;;AAFA;AACA;AAIA;AACA,IAAMA,iBAAiB,GAAG,SAApBA,iBAAoB,CAACC,OAAD,EAAY;AACtC,MAAMC,aAAa,GAAGC,gBAAIC,MAAJ,CAAW;AAC7BC,IAAAA,KAAK,EAACF,gBAAIG,MAAJ,GAAaC,GAAb,CAAiB,CAAjB,EAAoBC,QAApB,EADuB;AAE7BC,IAAAA,WAAW,EAACN,gBAAIG,MAAJ,GAAaE,QAAb,EAFiB;AAG7BE,IAAAA,SAAS,EAACP,gBAAIG,MAAJ,GAAaC,GAAb,CAAiB,CAAjB,EAAoBC,QAApB;AAHmB,GAAX,CAAtB;;AAKC,SAAOL,gBAAIQ,QAAJ,CAAaV,OAAb,EAAsBC,aAAtB,CAAP;AACA,CAPD;;AAQAU,MAAM,CAACC,OAAP,CAAeb,iBAAf,GAAmCA,iBAAnC","sourceRoot":"C:\\Users\\user\\Desktop\\server2\\server\\src\\middleware\\","sourcesContent":["//validation\r\n// const joi = require('@hapi/joi');\r\nimport joi from '@hapi/joi';\r\n\r\n\r\n//article validation\r\nconst articleValidation = (reqBody) =>{\r\nconst articleSchema = joi.object({\r\n    title:joi.string().min(6).required(),\r\n    articleBody:joi.string().required(),\r\n    ImageLink:joi.string().min(4).required(),\r\n});\r\n return joi.validate(reqBody, articleSchema);\r\n}\r\nmodule.exports.articleValidation = articleValidation;\r\n\r\n\r\n"]},"_coverageSchema":"1a1c01bbd47fc00a2c39e90264f33305004495a9","hash":"1f91a0a352eba6a36829d4784744add934ae877c","contentHash":"bbe15db6042a0b0a33b5050eaf097b0c79fc657cd7b76deb6c09e0b864fc373c"}}