TN:
SF:src\app.js
FN:57,(anonymous_1)
FN:58,(anonymous_2)
FN:62,(anonymous_3)
FN:75,(anonymous_4)
FNF:4
FNH:2
FNDA:1,(anonymous_1)
FNDA:0,(anonymous_2)
FNDA:0,(anonymous_3)
FNDA:1,(anonymous_4)
DA:9,1
DA:10,1
DA:11,1
DA:12,1
DA:13,1
DA:14,1
DA:15,1
DA:17,1
DA:25,1
DA:26,1
DA:51,1
DA:52,1
DA:53,1
DA:56,1
DA:57,1
DA:58,0
DA:61,1
DA:62,1
DA:63,0
DA:65,1
DA:66,1
DA:67,1
DA:68,1
DA:69,1
DA:74,1
DA:75,1
DA:76,1
DA:78,1
LF:28
LH:26
BRDA:74,0,0,1
BRDA:74,0,1,0
BRF:2
BRH:1
end_of_record
TN:
SF:src\controller\blogController.js
FN:16,_callee
FN:42,_callee2
FN:48,_callee3
FN:55,_callee4
FN:78,_callee5
FN:100,_callee6
FN:124,_callee7
FNF:7
FNH:3
FNDA:4,_callee
FNDA:3,_callee2
FNDA:3,_callee3
FNDA:0,_callee4
FNDA:0,_callee5
FNDA:0,_callee6
FNDA:0,_callee7
DA:5,1
DA:6,1
DA:7,1
DA:16,25
DA:20,1
DA:21,1
DA:22,1
DA:30,0
DA:32,1
DA:38,1
DA:42,8
DA:43,1
DA:44,1
DA:48,8
DA:49,1
DA:50,1
DA:55,0
DA:57,0
DA:58,0
DA:59,0
DA:63,0
DA:66,0
DA:69,0
DA:72,0
DA:78,0
DA:80,0
DA:81,0
DA:82,0
DA:86,0
DA:89,0
DA:91,0
DA:93,0
DA:96,0
DA:100,0
DA:101,0
DA:105,0
DA:107,0
DA:108,0
DA:109,0
DA:111,0
DA:112,0
DA:113,0
DA:115,0
DA:117,0
DA:120,0
DA:124,0
DA:125,0
DA:129,0
DA:131,0
DA:132,0
DA:133,0
DA:137,0
DA:138,0
DA:140,0
DA:143,0
DA:147,1
LF:56
LH:16
BRDA:16,0,0,1
BRDA:16,0,1,1
BRDA:16,0,2,1
BRDA:16,0,3,1
BRDA:16,0,4,1
BRDA:16,0,5,1
BRDA:16,0,6,1
BRDA:16,0,7,1
BRDA:16,1,0,3
BRDA:16,1,1,0
BRDA:42,2,0,1
BRDA:42,2,1,1
BRDA:42,2,2,1
BRDA:42,2,3,1
BRDA:48,3,0,1
BRDA:48,3,1,1
BRDA:48,3,2,1
BRDA:48,3,3,1
BRDA:55,4,0,0
BRDA:55,4,1,0
BRDA:55,4,2,0
BRDA:55,4,3,0
BRDA:55,4,4,0
BRDA:55,4,5,0
BRDA:55,4,6,0
BRDA:55,4,7,0
BRDA:55,4,8,0
BRDA:55,4,9,0
BRDA:55,5,0,0
BRDA:55,5,1,0
BRDA:78,6,0,0
BRDA:78,6,1,0
BRDA:78,6,2,0
BRDA:78,6,3,0
BRDA:78,6,4,0
BRDA:78,6,5,0
BRDA:78,6,6,0
BRDA:78,6,7,0
BRDA:78,6,8,0
BRDA:78,6,9,0
BRDA:78,7,0,0
BRDA:78,7,1,0
BRDA:100,8,0,0
BRDA:100,8,1,0
BRDA:100,8,2,0
BRDA:100,8,3,0
BRDA:100,8,4,0
BRDA:100,8,5,0
BRDA:100,8,6,0
BRDA:100,8,7,0
BRDA:100,8,8,0
BRDA:100,9,0,0
BRDA:100,9,1,0
BRDA:124,10,0,0
BRDA:124,10,1,0
BRDA:124,10,2,0
BRDA:124,10,3,0
BRDA:124,10,4,0
BRDA:124,10,5,0
BRDA:124,10,6,0
BRDA:124,10,7,0
BRDA:124,10,8,0
BRDA:124,10,9,0
BRDA:124,10,10,0
BRDA:124,11,0,0
BRDA:124,11,1,0
BRF:66
BRH:17
end_of_record
TN:
SF:src\controller\contact.js
FN:12,_callee
FN:33,_callee2
FN:50,_callee3
FN:71,_callee4
FNF:4
FNH:3
FNDA:0,_callee
FNDA:8,_callee2
FNDA:4,_callee3
FNDA:4,_callee4
DA:6,1
DA:7,1
DA:8,1
DA:12,0
DA:16,0
DA:20,0
DA:26,0
DA:33,39
DA:35,2
DA:36,2
DA:37,2
DA:41,1
DA:42,1
DA:44,1
DA:50,20
DA:53,1
DA:54,1
DA:55,1
DA:61,1
DA:62,1
DA:64,0
DA:71,24
DA:73,1
DA:74,1
DA:75,1
DA:79,1
DA:83,0
DA:92,1
DA:94,0
DA:98,1
LF:30
LH:23
BRDA:12,0,0,0
BRDA:12,0,1,0
BRDA:12,0,2,0
BRDA:12,0,3,0
BRDA:12,0,4,0
BRDA:12,1,0,0
BRDA:12,1,1,0
BRDA:33,2,0,2
BRDA:33,2,1,2
BRDA:33,2,2,2
BRDA:33,2,3,1
BRDA:33,2,4,1
BRDA:33,2,5,2
BRDA:33,2,6,2
BRDA:33,3,0,2
BRDA:33,3,1,0
BRDA:50,4,0,1
BRDA:50,4,1,1
BRDA:50,4,2,1
BRDA:50,4,3,1
BRDA:50,4,4,0
BRDA:50,4,5,1
BRDA:50,4,6,1
BRDA:50,5,0,1
BRDA:50,5,1,0
BRDA:71,6,0,1
BRDA:71,6,1,1
BRDA:71,6,2,1
BRDA:71,6,3,1
BRDA:71,6,4,1
BRDA:71,6,5,1
BRDA:71,6,6,0
BRDA:71,6,7,1
BRDA:71,6,8,1
BRDA:71,7,0,2
BRDA:71,7,1,0
BRF:36
BRH:24
end_of_record
TN:
SF:src\controller\usersController.js
FN:15,_callee
FN:54,_callee2
FN:104,_callee3
FNF:3
FNH:3
FNDA:3,_callee
FNDA:9,_callee2
FNDA:4,_callee3
DA:6,1
DA:7,1
DA:8,1
DA:9,1
DA:15,21
DA:20,0
DA:23,1
DA:28,1
DA:32,1
DA:36,0
DA:39,0
DA:54,56
DA:59,2
DA:60,2
DA:67,2
DA:69,1
DA:73,1
DA:83,1
DA:86,0
DA:104,16
DA:106,1
DA:107,1
DA:108,1
DA:112,1
DA:113,1
DA:116,1
LF:26
LH:22
BRDA:15,0,0,1
BRDA:15,0,1,1
BRDA:15,0,2,1
BRDA:15,0,3,0
BRDA:15,0,4,0
BRDA:15,0,5,1
BRDA:15,0,6,0
BRDA:15,0,7,1
BRDA:15,0,8,1
BRDA:15,1,0,1
BRDA:15,1,1,1
BRDA:54,2,0,2
BRDA:54,2,1,2
BRDA:54,2,2,2
BRDA:54,2,3,2
BRDA:54,2,4,2
BRDA:54,2,5,0
BRDA:54,2,6,0
BRDA:54,2,7,1
BRDA:54,2,8,1
BRDA:54,2,9,0
BRDA:54,2,10,1
BRDA:54,2,11,2
BRDA:54,3,0,5
BRDA:54,3,1,2
BRDA:104,4,0,1
BRDA:104,4,1,1
BRDA:104,4,2,1
BRDA:104,4,3,1
BRDA:104,4,4,1
BRDA:104,4,5,1
BRDA:104,5,0,1
BRDA:104,5,1,0
BRF:33
BRH:26
end_of_record
TN:
SF:src\middleware\authenticator.js
FN:4,(anonymous_1)
FNF:1
FNH:1
FNDA:8,(anonymous_1)
DA:2,1
DA:4,1
DA:5,8
DA:6,8
DA:7,1
DA:9,7
DA:10,7
DA:11,6
DA:12,6
DA:14,1
LF:10
LH:10
BRDA:6,0,0,1
BRDA:6,0,1,7
BRF:2
BRH:2
end_of_record
TN:
SF:src\middleware\blogValidation.js
FN:7,articleValidation
FNF:1
FNH:1
FNDA:1,articleValidation
DA:3,1
DA:7,1
DA:8,1
DA:13,1
DA:15,1
LF:5
LH:5
BRF:0
BRH:0
end_of_record
TN:
SF:src\middleware\contactMiddleware.js
FN:7,contactFormValidation
FNF:1
FNH:0
FNDA:0,contactFormValidation
DA:3,1
DA:7,1
DA:8,0
DA:13,0
DA:15,1
LF:5
LH:3
BRF:0
BRH:0
end_of_record
TN:
SF:src\middleware\usersValidation.js
FN:5,regiserValidation
FN:17,loginValidation
FNF:2
FNH:2
FNDA:1,regiserValidation
FNDA:2,loginValidation
DA:1,1
DA:5,1
DA:6,1
DA:12,1
DA:14,1
DA:17,1
DA:18,2
DA:22,2
DA:27,1
LF:9
LH:9
BRF:0
BRH:0
end_of_record
TN:
SF:src\models\blog.js
FNF:0
FNH:0
DA:2,1
DA:3,1
DA:5,1
DA:35,1
DA:37,1
LF:5
LH:5
BRF:0
BRH:0
end_of_record
TN:
SF:src\models\contact.js
FNF:0
FNH:0
DA:2,1
DA:3,1
DA:5,1
DA:31,1
DA:33,1
LF:5
LH:5
BRF:0
BRH:0
end_of_record
TN:
SF:src\models\users.js
FN:41,(anonymous_7)
FN:41,_callee
FNF:2
FNH:1
FNDA:1,(anonymous_7)
FNDA:0,_callee
DA:2,1
DA:3,1
DA:4,1
DA:6,1
DA:41,3
DA:42,0
DA:43,0
DA:44,0
DA:50,1
DA:52,1
LF:10
LH:7
BRDA:41,0,0,0
BRDA:41,0,1,0
BRDA:41,0,2,0
BRDA:41,0,3,0
BRDA:41,0,4,0
BRF:5
BRH:0
end_of_record
TN:
SF:src\routes\blogRoute.js
FNF:0
FNH:0
DA:5,1
DA:6,1
DA:7,1
DA:8,1
DA:15,1
DA:17,1
DA:18,1
DA:19,1
DA:20,1
DA:21,1
DA:22,1
DA:24,1
LF:12
LH:12
BRF:0
BRH:0
end_of_record
TN:
SF:src\routes\contact.js
FNF:0
FNH:0
DA:6,1
DA:7,1
DA:8,1
DA:9,1
DA:11,1
DA:12,1
DA:13,1
DA:14,1
DA:16,1
LF:9
LH:9
BRF:0
BRH:0
end_of_record
TN:
SF:src\routes\usersRoute.js
FNF:0
FNH:0
DA:5,1
DA:6,1
DA:7,1
DA:8,1
DA:10,1
DA:11,1
DA:12,1
DA:14,1
LF:8
LH:8
BRF:0
BRH:0
end_of_record
